#
# There is insufficient memory for the Java Runtime Environment to continue.
# Native memory allocation (malloc) failed to allocate 1714976 bytes for Chunk::new
# Possible reasons:
#   The system is out of physical RAM or swap space
#   In 32 bit mode, the process size limit was hit
# Possible solutions:
#   Reduce memory load on the system
#   Increase physical memory or swap space
#   Check if swap backing store is full
#   Use 64 bit Java on a 64 bit OS
#   Decrease Java heap size (-Xmx/-Xms)
#   Decrease number of Java threads
#   Decrease Java thread stack sizes (-Xss)
#   Set larger code cache with -XX:ReservedCodeCacheSize=
# This output file may be truncated or incomplete.
#
#  Out of Memory Error (allocation.cpp:390), pid=14016, tid=7652
#
# JRE version: Java(TM) SE Runtime Environment (8.0_60-b27) (build 1.8.0_60-b27)
# Java VM: Java HotSpot(TM) 64-Bit Server VM (25.60-b23 mixed mode windows-amd64 compressed oops)
# Failed to write core dump. Minidumps are not enabled by default on client versions of Windows
#

---------------  T H R E A D  ---------------

Current thread (0x0000000018e70000):  JavaThread "C2 CompilerThread2" daemon [_thread_in_native, id=7652, stack(0x000000001a8a0000,0x000000001a9a0000)]

Stack: [0x000000001a8a0000,0x000000001a9a0000]
[error occurred during error reporting (printing stack bounds), id 0xc0000005]

Native frames: (J=compiled Java code, j=interpreted, Vv=VM code, C=native code)


Current CompileTask:
C2:  60778 7423 % !   4       com.ric.bill.ChrgServ::chrgLsk @ 196 (1119 bytes)


---------------  P R O C E S S  ---------------

Java Threads: ( => current thread )
  0x000000001c428800 JavaThread "Statistics Thread-__DEFAULT__-1" daemon [_thread_blocked, id=6332, stack(0x000000001ff40000,0x0000000020040000)]
  0x000000001f121000 JavaThread "org%002ehibernate%002ecache%002einternal%002e%0053tandard%0051uery%0043ache.data" [_thread_blocked, id=9752, stack(0x000000001f770000,0x000000001f870000)]
  0x000000001eefc800 JavaThread "__DEFAULT__" daemon [_thread_blocked, id=28808, stack(0x000000001f5f0000,0x000000001f6f0000)]
  0x000000001aea5000 JavaThread "ReaderThread" [_thread_in_native, id=10216, stack(0x000000001b670000,0x000000001b770000)]
  0x0000000018eef000 JavaThread "Service Thread" daemon [_thread_blocked, id=468, stack(0x000000001a750000,0x000000001a850000)]
  0x0000000018e71000 JavaThread "C1 CompilerThread3" daemon [_thread_blocked, id=25964, stack(0x000000001ab00000,0x000000001ac00000)]
=>0x0000000018e70000 JavaThread "C2 CompilerThread2" daemon [_thread_in_native, id=7652, stack(0x000000001a8a0000,0x000000001a9a0000)]
  0x0000000018e5b800 JavaThread "C2 CompilerThread1" daemon [_thread_in_vm, id=28944, stack(0x000000001a650000,0x000000001a750000)]
  0x0000000018e5a000 JavaThread "C2 CompilerThread0" daemon [_thread_blocked, id=11292, stack(0x000000001a4e0000,0x000000001a5e0000)]
  0x0000000018e56800 JavaThread "Attach Listener" daemon [_thread_blocked, id=27852, stack(0x000000001a1f0000,0x000000001a2f0000)]
  0x0000000018e60800 JavaThread "Signal Dispatcher" daemon [_thread_blocked, id=31672, stack(0x000000001a360000,0x000000001a460000)]
  0x0000000017eaf000 JavaThread "Finalizer" daemon [_thread_blocked, id=13232, stack(0x000000001a0d0000,0x000000001a1d0000)]
  0x0000000017ea8800 JavaThread "Reference Handler" daemon [_thread_blocked, id=18908, stack(0x0000000019d60000,0x0000000019e60000)]
  0x0000000002258000 JavaThread "main" [_thread_blocked, id=22696, stack(0x0000000002570000,0x0000000002670000)]

Other Threads:
  0x0000000018e02000 VMThread [stack: 0x0000000019f00000,0x000000001a000000] [id=30172]
  0x0000000018ea9800 WatcherThread [stack: 0x000000001ad70000,0x000000001ae70000] [id=14596]

VM state:synchronizing (normal execution)

VM Mutex/Monitor currently owned by a thread:  ([mutex/lock_event])
[0x000000000233e600] Threads_lock - owner thread: 0x0000000018e02000
[0x000000000233eb00] Heap_lock - owner thread: 0x0000000002258000

Heap:
 PSYoungGen      total 663552K, used 652840K [0x00000000d5c00000, 0x00000000ffe00000, 0x0000000100000000)
  eden space 637952K, 99% used [0x00000000d5c00000,0x00000000fcafff50,0x00000000fcb00000)
  from space 25600K, 58% used [0x00000000fcb00000,0x00000000fd98a270,0x00000000fe400000)
  to   space 25088K, 0% used [0x00000000fe580000,0x00000000fe580000,0x00000000ffe00000)
 ParOldGen       total 277504K, used 187885K [0x0000000081400000, 0x0000000092300000, 0x00000000d5c00000)
  object space 277504K, 67% used [0x0000000081400000,0x000000008cb7b650,0x0000000092300000)
 Metaspace       used 40684K, capacity 41212K, committed 41344K, reserved 1085440K
  class space    used 5006K, capacity 5124K, committed 5248K, reserved 1048576K

Card table byte_map: [0x0000000011d00000,0x0000000012100000] byte_map_base: 0x00000000118f6000

Marking Bits: (ParMarkBitMap*) 0x000000005119a5b0
 Begin Bits: [0x0000000013160000, 0x0000000015110000)
 End Bits:   [0x0000000015110000, 0x00000000170c0000)

Polling page: 0x0000000000120000

CodeCache: size=245760Kb used=21275Kb max_used=23928Kb free=224484Kb
 bounds [0x0000000002940000, 0x00000000040c0000, 0x0000000011940000]
 total_blobs=6494 nmethods=5929 adapters=476
 compilation: enabled

Compilation events (10 events):
Event: 59.594 Thread 0x0000000018e5b800 7419       4       java.time.format.DateTimeFormatterBuilder::toFormatter (57 bytes)
Event: 59.594 Thread 0x0000000018e5a000 7420       4       java.time.format.DateTimeFormatter::<init> (76 bytes)
Event: 59.595 Thread 0x0000000018e70000 nmethod 7418 0x0000000003857f50 code [0x00000000038580a0, 0x0000000003858178]
Event: 59.595 Thread 0x0000000018e5a000 nmethod 7420 0x0000000003a4f710 code [0x0000000003a4f860, 0x0000000003a4f9b8]
Event: 59.598 Thread 0x0000000018e5b800 nmethod 7419 0x00000000036c5fd0 code [0x00000000036c6140, 0x00000000036c6638]
Event: 59.663 Thread 0x0000000018e71000 7421       1       org.hibernate.persister.entity.AbstractEntityPersister::getClassMetadata (2 bytes)
Event: 59.663 Thread 0x0000000018e71000 nmethod 7421 0x000000000303a350 code [0x000000000303a4a0, 0x000000000303a5b0]
Event: 59.666 Thread 0x0000000018e71000 7422   !   3       oracle.jdbc.driver.T4CPreparedStatement::executeForRows (318 bytes)
Event: 59.667 Thread 0x0000000018e71000 nmethod 7422 0x00000000033ea310 code [0x00000000033ea560, 0x00000000033eb598]
Event: 59.688 Thread 0x0000000018e70000 7423 % !   4       com.ric.bill.ChrgServ::chrgLsk @ 196 (1119 bytes)

GC Heap History (10 events):
Event: 56.012 GC heap before
{Heap before GC invocations=80 (full 5):
 PSYoungGen      total 664576K, used 18371K [0x00000000d5c00000, 0x0000000100000000, 0x0000000100000000)
  eden space 636928K, 0% used [0x00000000d5c00000,0x00000000d5c00000,0x00000000fca00000)
  from space 27648K, 66% used [0x00000000fca00000,0x00000000fdbf0c40,0x00000000fe500000)
  to   space 27648K, 0% used [0x00000000fe500000,0x00000000fe500000,0x0000000100000000)
 ParOldGen       total 186880K, used 181474K [0x0000000081400000, 0x000000008ca80000, 0x00000000d5c00000)
  object space 186880K, 97% used [0x0000000081400000,0x000000008c538830,0x000000008ca80000)
 Metaspace       used 40669K, capacity 41212K, committed 41344K, reserved 1085440K
  class space    used 5006K, capacity 5124K, committed 5248K, reserved 1048576K
Event: 56.983 GC heap after
Heap after GC invocations=80 (full 5):
 PSYoungGen      total 664576K, used 3949K [0x00000000d5c00000, 0x0000000100000000, 0x0000000100000000)
  eden space 636928K, 0% used [0x00000000d5c00000,0x00000000d5c00000,0x00000000fca00000)
  from space 27648K, 14% used [0x00000000fca00000,0x00000000fcddb7e0,0x00000000fe500000)
  to   space 27648K, 0% used [0x00000000fe500000,0x00000000fe500000,0x0000000100000000)
 ParOldGen       total 277504K, used 186521K [0x0000000081400000, 0x0000000092300000, 0x00000000d5c00000)
  object space 277504K, 67% used [0x0000000081400000,0x000000008ca265a0,0x0000000092300000)
 Metaspace       used 40669K, capacity 41212K, committed 41344K, reserved 1085440K
  class space    used 5006K, capacity 5124K, committed 5248K, reserved 1048576K
}
Event: 57.661 GC heap before
{Heap before GC invocations=81 (full 5):
 PSYoungGen      total 664576K, used 640877K [0x00000000d5c00000, 0x0000000100000000, 0x0000000100000000)
  eden space 636928K, 100% used [0x00000000d5c00000,0x00000000fca00000,0x00000000fca00000)
  from space 27648K, 14% used [0x00000000fca00000,0x00000000fcddb7e0,0x00000000fe500000)
  to   space 27648K, 0% used [0x00000000fe500000,0x00000000fe500000,0x0000000100000000)
 ParOldGen       total 277504K, used 186521K [0x0000000081400000, 0x0000000092300000, 0x00000000d5c00000)
  object space 277504K, 67% used [0x0000000081400000,0x000000008ca265a0,0x0000000092300000)
 Metaspace       used 40670K, capacity 41212K, committed 41344K, reserved 1085440K
  class space    used 5006K, capacity 5124K, committed 5248K, reserved 1048576K
Event: 57.695 GC heap after
Heap after GC invocations=81 (full 5):
 PSYoungGen      total 664576K, used 7300K [0x00000000d5c00000, 0x0000000100000000, 0x0000000100000000)
  eden space 636928K, 0% used [0x00000000d5c00000,0x00000000d5c00000,0x00000000fca00000)
  from space 27648K, 26% used [0x00000000fe500000,0x00000000fec212c0,0x0000000100000000)
  to   space 27648K, 0% used [0x00000000fca00000,0x00000000fca00000,0x00000000fe500000)
 ParOldGen       total 277504K, used 187877K [0x0000000081400000, 0x0000000092300000, 0x00000000d5c00000)
  object space 277504K, 67% used [0x0000000081400000,0x000000008cb79650,0x0000000092300000)
 Metaspace       used 40670K, capacity 41212K, committed 41344K, reserved 1085440K
  class space    used 5006K, capacity 5124K, committed 5248K, reserved 1048576K
}
Event: 58.354 GC heap before
{Heap before GC invocations=82 (full 5):
 PSYoungGen      total 664576K, used 644228K [0x00000000d5c00000, 0x0000000100000000, 0x0000000100000000)
  eden space 636928K, 100% used [0x00000000d5c00000,0x00000000fca00000,0x00000000fca00000)
  from space 27648K, 26% used [0x00000000fe500000,0x00000000fec212c0,0x0000000100000000)
  to   space 27648K, 0% used [0x00000000fca00000,0x00000000fca00000,0x00000000fe500000)
 ParOldGen       total 277504K, used 187877K [0x0000000081400000, 0x0000000092300000, 0x00000000d5c00000)
  object space 277504K, 67% used [0x0000000081400000,0x000000008cb79650,0x0000000092300000)
 Metaspace       used 40670K, capacity 41212K, committed 41344K, reserved 1085440K
  class space    used 5006K, capacity 5124K, committed 5248K, reserved 1048576K
Event: 58.365 GC heap after
Heap after GC invocations=82 (full 5):
 PSYoungGen      total 647168K, used 9928K [0x00000000d5c00000, 0x00000000ffe00000, 0x0000000100000000)
  eden space 636928K, 0% used [0x00000000d5c00000,0x00000000d5c00000,0x00000000fca00000)
  from space 10240K, 96% used [0x00000000fca00000,0x00000000fd3b2130,0x00000000fd400000)
  to   space 26624K, 0% used [0x00000000fe400000,0x00000000fe400000,0x00000000ffe00000)
 ParOldGen       total 277504K, used 187877K [0x0000000081400000, 0x0000000092300000, 0x00000000d5c00000)
  object space 277504K, 67% used [0x0000000081400000,0x000000008cb79650,0x0000000092300000)
 Metaspace       used 40670K, capacity 41212K, committed 41344K, reserved 1085440K
  class space    used 5006K, capacity 5124K, committed 5248K, reserved 1048576K
}
Event: 58.983 GC heap before
{Heap before GC invocations=83 (full 5):
 PSYoungGen      total 647168K, used 646856K [0x00000000d5c00000, 0x00000000ffe00000, 0x0000000100000000)
  eden space 636928K, 100% used [0x00000000d5c00000,0x00000000fca00000,0x00000000fca00000)
  from space 10240K, 96% used [0x00000000fca00000,0x00000000fd3b2130,0x00000000fd400000)
  to   space 26624K, 0% used [0x00000000fe400000,0x00000000fe400000,0x00000000ffe00000)
 ParOldGen       total 277504K, used 187877K [0x0000000081400000, 0x0000000092300000, 0x00000000d5c00000)
  object space 277504K, 67% used [0x0000000081400000,0x000000008cb79650,0x0000000092300000)
 Metaspace       used 40670K, capacity 41212K, committed 41344K, reserved 1085440K
  class space    used 5006K, capacity 5124K, committed 5248K, reserved 1048576K
Event: 58.994 GC heap after
Heap after GC invocations=83 (full 5):
 PSYoungGen      total 664576K, used 12479K [0x00000000d5c00000, 0x0000000100000000, 0x0000000100000000)
  eden space 637952K, 0% used [0x00000000d5c00000,0x00000000d5c00000,0x00000000fcb00000)
  from space 26624K, 46% used [0x00000000fe400000,0x00000000ff02fd90,0x00000000ffe00000)
  to   space 25600K, 0% used [0x00000000fcb00000,0x00000000fcb00000,0x00000000fe400000)
 ParOldGen       total 277504K, used 187877K [0x0000000081400000, 0x0000000092300000, 0x00000000d5c00000)
  object space 277504K, 67% used [0x0000000081400000,0x000000008cb79650,0x0000000092300000)
 Metaspace       used 40670K, capacity 41212K, committed 41344K, reserved 1085440K
  class space    used 5006K, capacity 5124K, committed 5248K, reserved 1048576K
}
Event: 59.538 GC heap before
{Heap before GC invocations=84 (full 5):
 PSYoungGen      total 664576K, used 650431K [0x00000000d5c00000, 0x0000000100000000, 0x0000000100000000)
  eden space 637952K, 100% used [0x00000000d5c00000,0x00000000fcb00000,0x00000000fcb00000)
  from space 26624K, 46% used [0x00000000fe400000,0x00000000ff02fd90,0x00000000ffe00000)
  to   space 25600K, 0% used [0x00000000fcb00000,0x00000000fcb00000,0x00000000fe400000)
 ParOldGen       total 277504K, used 187877K [0x0000000081400000, 0x0000000092300000, 0x00000000d5c00000)
  object space 277504K, 67% used [0x0000000081400000,0x000000008cb79650,0x0000000092300000)
 Metaspace       used 40682K, capacity 41212K, committed 41344K, reserved 1085440K
  class space    used 5006K, capacity 5124K, committed 5248K, reserved 1048576K
Event: 59.551 GC heap after
Heap after GC invocations=84 (full 5):
 PSYoungGen      total 663552K, used 14888K [0x00000000d5c00000, 0x00000000ffe00000, 0x0000000100000000)
  eden space 637952K, 0% used [0x00000000d5c00000,0x00000000d5c00000,0x00000000fcb00000)
  from space 25600K, 58% used [0x00000000fcb00000,0x00000000fd98a270,0x00000000fe400000)
  to   space 25088K, 0% used [0x00000000fe580000,0x00000000fe580000,0x00000000ffe00000)
 ParOldGen       total 277504K, used 187885K [0x0000000081400000, 0x0000000092300000, 0x00000000d5c00000)
  object space 277504K, 67% used [0x0000000081400000,0x000000008cb7b650,0x0000000092300000)
 Metaspace       used 40682K, capacity 41212K, committed 41344K, reserved 1085440K
  class space    used 5006K, capacity 5124K, committed 5248K, reserved 1048576K
}

Deoptimization events (10 events):
Event: 36.913 Thread 0x0000000002258000 Uncommon trap: reason=bimorphic action=maybe_recompile pc=0x000000000361a254 method=org.hibernate.internal.util.compare.EqualsHelper.equals(Ljava/lang/Object;Ljava/lang/Object;)Z @ 19
Event: 36.913 Thread 0x0000000002258000 Uncommon trap: reason=unstable_if action=reinterpret pc=0x0000000003831414 method=org.hibernate.event.internal.DefaultFlushEntityEventListener.logDirtyProperties(Ljava/io/Serializable;[ILorg/hibernate/persister/entity/EntityPersister;)V @ 1
Event: 36.913 Thread 0x0000000002258000 Uncommon trap: reason=unstable_if action=reinterpret pc=0x0000000003d34740 method=org.hibernate.event.internal.DefaultFlushEntityEventListener.isUpdateNecessary(Lorg/hibernate/event/spi/FlushEntityEvent;)Z @ 37
Event: 45.593 Thread 0x0000000002258000 Uncommon trap: reason=unstable_if action=reinterpret pc=0x0000000003e36cf4 method=java.util.AbstractList.equals(Ljava/lang/Object;)Z @ 11
Event: 45.593 Thread 0x0000000002258000 Uncommon trap: reason=unstable_if action=reinterpret pc=0x0000000003e4c07c method=java.util.AbstractList.equals(Ljava/lang/Object;)Z @ 11
Event: 49.846 Thread 0x0000000002258000 Uncommon trap: reason=bimorphic action=maybe_recompile pc=0x000000000361a254 method=org.hibernate.internal.util.compare.EqualsHelper.equals(Ljava/lang/Object;Ljava/lang/Object;)Z @ 19
Event: 49.846 Thread 0x0000000002258000 Uncommon trap: reason=bimorphic action=maybe_recompile pc=0x000000000361a254 method=org.hibernate.internal.util.compare.EqualsHelper.equals(Ljava/lang/Object;Ljava/lang/Object;)Z @ 19
Event: 51.711 Thread 0x0000000002258000 Uncommon trap: reason=class_check action=maybe_recompile pc=0x0000000002fd48d0 method=org.springframework.cache.interceptor.SimpleKey.equals(Ljava/lang/Object;)Z @ 6
Event: 52.343 Thread 0x0000000002258000 Uncommon trap: reason=null_check action=make_not_entrant pc=0x000000000347b824 method=org.hibernate.type.descriptor.java.JdbcTimestampTypeDescriptor.areEqual(Ljava/lang/Object;Ljava/lang/Object;)Z @ 2
Event: 58.338 Thread 0x0000000002258000 Uncommon trap: reason=class_check action=maybe_recompile pc=0x0000000002fd48d0 method=org.springframework.cache.interceptor.SimpleKey.equals(Ljava/lang/Object;)Z @ 6

Internal exceptions (10 events):
Event: 10.469 Thread 0x0000000002258000 Exception <a 'java/lang/ClassNotFoundException': org/springframework/beans/factory/aspectj/AnnotationBeanConfigurerAspectCustomizer> (0x00000000d5ec46a8) thrown at [C:\re\workspace\8-2-build-windows-amd64-cygwin\jdk8u60\4407\hotspot\src\share\vm\classfile\Gê∫ò˝$@
Event: 10.495 Thread 0x0000000002258000 Exception <a 'java/lang/ClassNotFoundException': com/ric/bill/BillServBeanInfo> (0x00000000d6121940) thrown at [C:\re\workspace\8-2-build-windows-amd64-cygwin\jdk8u60\4407\hotspot\src\share\vm\classfile\systemDictionary.cpp, line 210]
Event: 10.496 Thread 0x0000000002258000 Exception <a 'java/lang/ClassNotFoundException': com/ric/bill/BillServCustomizer> (0x00000000d612dae0) thrown at [C:\re\workspace\8-2-build-windows-amd64-cygwin\jdk8u60\4407\hotspot\src\share\vm\classfile\systemDictionary.cpp, line 210]
Event: 10.974 Thread 0x0000000002258000 Implicit null exception at 0x0000000002dac30c to 0x0000000002dac381
Event: 11.178 Thread 0x0000000002258000 Implicit null exception at 0x00000000034517a4 to 0x0000000003451aed
Event: 11.181 Thread 0x0000000002258000 Implicit null exception at 0x000000000343b4d8 to 0x000000000343b7ad
Event: 13.750 Thread 0x0000000002258000 Implicit null exception at 0x0000000003a1764a to 0x0000000003a177a5
Event: 15.318 Thread 0x0000000002258000 Implicit null exception at 0x0000000003bf757b to 0x0000000003bf9c3d
Event: 27.337 Thread 0x0000000002258000 Implicit null exception at 0x0000000003a1270c to 0x0000000003a12751
Event: 52.343 Thread 0x0000000002258000 Implicit null exception at 0x000000000347b68f to 0x000000000347b811

Events (10 events):
Event: 58.338 Thread 0x0000000002258000 DEOPT UNPACKING pc=0x000000000298582a sp=0x000000000266d378 mode 2
Event: 58.354 Executing VM operation: ParallelGCFailedAllocation
Event: 58.365 Executing VM operation: ParallelGCFailedAllocation done
Event: 58.983 Executing VM operation: ParallelGCFailedAllocation
Event: 58.994 Executing VM operation: ParallelGCFailedAllocation done
Event: 59.538 Executing VM operation: ParallelGCFailedAllocation
Event: 59.551 Executing VM operation: ParallelGCFailedAllocation done
Event: 59.595 Thread 0x0000000018e70000 flushing nmethod 0x0000000003020410
Event: 59.664 Thread 0x0000000018e71000 flushing nmethod 0x0000000003423850
Event: 59.667 Thread 0x0000000018e71000 flushing nmethod 0x00000000035b7e90


Dynamic libraries:
0x000000013f2a0000 - 0x000000013f2d7000 	C:\Program Files (x86)\Java\jdk1.8.0_60\bin\javaw.exe
0x00000000776f0000 - 0x0000000077899000 	C:\Windows\SYSTEM32\ntdll.dll
0x00000000775d0000 - 0x00000000776ef000 	C:\Windows\system32\kernel32.dll
0x000007fefd870000 - 0x000007fefd8db000 	C:\Windows\system32\KERNELBASE.dll
0x000007fefe8e0000 - 0x000007fefe9bb000 	C:\Windows\system32\ADVAPI32.dll
0x000007feff770000 - 0x000007feff80f000 	C:\Windows\system32\msvcrt.dll
0x000007feff750000 - 0x000007feff76f000 	C:\Windows\SYSTEM32\sechost.dll
0x000007fefd900000 - 0x000007fefda2d000 	C:\Windows\system32\RPCRT4.dll
0x00000000774d0000 - 0x00000000775ca000 	C:\Windows\system32\USER32.dll
0x000007feff100000 - 0x000007feff167000 	C:\Windows\system32\GDI32.dll
0x000007fefdb40000 - 0x000007fefdb4e000 	C:\Windows\system32\LPK.dll
0x000007fefec40000 - 0x000007fefed09000 	C:\Windows\system32\USP10.dll
0x000007fefb740000 - 0x000007fefb934000 	C:\Windows\WinSxS\amd64_microsoft.windows.common-controls_6595b64144ccf1df_6.0.7601.17514_none_fa396087175ac9ac\COMCTL32.dll
0x000007feff6d0000 - 0x000007feff741000 	C:\Windows\system32\SHLWAPI.dll
0x000007fefda30000 - 0x000007fefda5e000 	C:\Windows\system32\IMM32.DLL
0x000007feff810000 - 0x000007feff919000 	C:\Windows\system32\MSCTF.dll
0x0000000051220000 - 0x00000000512f2000 	C:\Program Files (x86)\Java\jdk1.8.0_60\jre\bin\msvcr100.dll
0x0000000050990000 - 0x0000000051219000 	C:\Program Files (x86)\Java\jdk1.8.0_60\jre\bin\server\jvm.dll
0x000007fef9680000 - 0x000007fef9689000 	C:\Windows\system32\WSOCK32.dll
0x000007feff660000 - 0x000007feff6ad000 	C:\Windows\system32\WS2_32.dll
0x000007feff650000 - 0x000007feff658000 	C:\Windows\system32\NSI.dll
0x000007fefb450000 - 0x000007fefb48b000 	C:\Windows\system32\WINMM.dll
0x000007fefc620000 - 0x000007fefc62c000 	C:\Windows\system32\VERSION.dll
0x00000000778c0000 - 0x00000000778c7000 	C:\Windows\system32\PSAPI.DLL
0x0000000068f30000 - 0x0000000068f3f000 	C:\Program Files (x86)\Java\jdk1.8.0_60\jre\bin\verify.dll
0x00000000611f0000 - 0x0000000061219000 	C:\Program Files (x86)\Java\jdk1.8.0_60\jre\bin\java.dll
0x0000000068370000 - 0x0000000068386000 	C:\Program Files (x86)\Java\jdk1.8.0_60\jre\bin\zip.dll
0x000007fefdb50000 - 0x000007fefe8d8000 	C:\Windows\system32\SHELL32.dll
0x000007feff170000 - 0x000007feff373000 	C:\Windows\system32\ole32.dll
0x000007fefd4d0000 - 0x000007fefd4df000 	C:\Windows\system32\profapi.dll
0x0000000065a10000 - 0x0000000065a2a000 	C:\Program Files (x86)\Java\jdk1.8.0_60\jre\bin\net.dll
0x000007fefcd40000 - 0x000007fefcd95000 	C:\Windows\system32\mswsock.dll
0x000007fefcd30000 - 0x000007fefcd37000 	C:\Windows\System32\wship6.dll
0x0000000065600000 - 0x000000006560d000 	C:\Program Files (x86)\Java\jdk1.8.0_60\jre\bin\management.dll
0x00000000611d0000 - 0x00000000611e1000 	C:\Program Files (x86)\Java\jdk1.8.0_60\jre\bin\nio.dll
0x000007fefcda0000 - 0x000007fefcdb7000 	C:\Windows\system32\CRYPTSP.dll
0x000007fefcaa0000 - 0x000007fefcae7000 	C:\Windows\system32\rsaenh.dll
0x000007fefc810000 - 0x000007fefc82e000 	C:\Windows\system32\USERENV.dll
0x000007fefd400000 - 0x000007fefd40f000 	C:\Windows\system32\CRYPTBASE.dll
0x000007fefb2d0000 - 0x000007fefb2f7000 	C:\Windows\system32\IPHLPAPI.DLL
0x000007fefb2b0000 - 0x000007fefb2bb000 	C:\Windows\system32\WINNSI.DLL
0x000007fefaf70000 - 0x000007fefaf81000 	C:\Windows\system32\dhcpcsvc6.DLL
0x000007fefae10000 - 0x000007fefae28000 	C:\Windows\system32\dhcpcsvc.DLL
0x000007fefbb70000 - 0x000007fefbb85000 	C:\Windows\system32\NLAapi.dll
0x000007fef9c20000 - 0x000007fef9c35000 	C:\Windows\system32\napinsp.dll
0x000007fef9c40000 - 0x000007fef9c59000 	C:\Windows\system32\pnrpnsp.dll
0x000007fefcbc0000 - 0x000007fefcc1b000 	C:\Windows\system32\DNSAPI.dll
0x000007fef9c10000 - 0x000007fef9c1b000 	C:\Windows\System32\winrnr.dll
0x00000000752c0000 - 0x00000000752e6000 	C:\Program Files\Bonjour\mdnsNSP.dll
0x000007fefc6f0000 - 0x000007fefc6f7000 	C:\Windows\System32\wshtcpip.dll
0x000007fef9c70000 - 0x000007fef9c78000 	C:\Windows\system32\rasadhlp.dll
0x000007fefaff0000 - 0x000007fefb043000 	C:\Windows\System32\fwpuclnt.dll

VM Arguments:
jvm_args: -Duser.language=en -Duser.region=us -Duser.timezone=UTC -Dfile.encoding=UTF-8 
java_command: org.eclipse.jdt.internal.junit.runner.RemoteTestRunner -version 3 -port 21936 -testLoaderClass org.eclipse.jdt.internal.junit4.runner.JUnit4TestLoader -loaderpluginname org.eclipse.jdt.junit4.runtime -classNames com.ric.bill.BillServ
java_class_path (initial): C:\work\git\Billing\target\test-classes;C:\work\git\Billing\target\classes;C:\spring\sts-3.6.1.RELEASE\plugins\org.boris.winrun4j.eclipse_0.1.3\launcher\WinRun4J.jar;C:\install\dbms\oracle\JDBC\ojdbc6.jar;C:\spring\lib\lombok.jar;C:\Users\Lev\.m2\repository\org\hibernate\javax\persistence\hibernate-jpa-2.1-api\1.0.0.Final\hibernate-jpa-2.1-api-1.0.0.Final.jar;C:\Users\Lev\.m2\repository\org\springframework\spring-orm\4.2.5.RELEASE\spring-orm-4.2.5.RELEASE.jar;C:\Users\Lev\.m2\repository\org\springframework\spring-beans\4.2.5.RELEASE\spring-beans-4.2.5.RELEASE.jar;C:\Users\Lev\.m2\repository\org\springframework\spring-jdbc\4.2.5.RELEASE\spring-jdbc-4.2.5.RELEASE.jar;C:\Users\Lev\.m2\repository\org\springframework\spring-core\4.2.5.RELEASE\spring-core-4.2.5.RELEASE.jar;C:\Users\Lev\.m2\repository\commons-logging\commons-logging\1.2\commons-logging-1.2.jar;C:\Users\Lev\.m2\repository\org\springframework\spring-context\4.2.5.RELEASE\spring-context-4.2.5.RELEASE.jar;C:\Users\Lev\.m2\repository\org\springframework\spring-aop\4.2.5.RELEASE\spring-aop-4.2.5.RELEASE.jar;C:\Users\Lev\.m2\repository\aopalliance\aopalliance\1.0\aopalliance-1.0.jar;C:\Users\Lev\.m2\repository\org\springframework\spring-expression\4.2.5.RELEASE\spring-expression-4.2.5.RELEASE.jar;C:\Users\Lev\.m2\repository\org\springframework\spring-tx\4.2.5.RELEASE\spring-tx-4.2.5.RELEASE.jar;C:\Users\Lev\.m2\repository\org\springframework\spring-context-support\4.2.5.RELEASE\spring-context-support-4.2.5.RELEASE.jar;C:\Users\Lev\.m2\repository\org\hibernate\hibernate-entitymanager\5.1.0.Final\hibernate-entitymanager-5.1.0.Final.jar;C:\Users\Lev\.m2\repository\org\jboss\logging\jboss-logging\3.3.0.Final\jboss-logging-3.3.0.Final.jar;C:\Users\Lev\.m2\repository\org\hibernate\hibernate-core\5.1.0.Final\hibernate-core-5.1.0.Final.jar;C:\Users\Lev\.m2\repository\antlr\antlr\2.7.7\antlr-2.7.7.jar;C:\Users\Lev\.m2\repository\org\jboss\jandex\2.0.0.Final\jandex-2.0.0.Final.jar;C:\Users\Lev\
Launcher Type: SUN_STANDARD

Environment Variables:
JAVA_HOME=C:\Program Files (x86)\Java\jdk1.8.0_60
PATH=C:\Ruby22-x64\bin;C:\WinAVR-20100110\bin;C:\WinAVR-20100110\utils\bin;C:\app\lev\oracle2;C:\app\lev\oracle2\bin;C:\Program Files (x86)\Java\jre1.8.0_71\bin;C:\oraclexe\app\oracle\product\10.2.0\server\bin;C:\Windows\system32;C:\Windows;C:\Windows\System32\Wbem;C:\Windows\System32\WindowsPowerShell\v1.0\;C:\Program Files86\Borland\Delphi7\Bin;C:\Program Files86\Borland\Delphi7\Projects\Bpl;C:\Program Files (x86)\Windows Kits\8.1\Windows Performance Toolkit\;C:\Program Files\Microsoft SQL Server\110\Tools\Binn\;c:\dos;C:\Program Files (x86)\Intel\OpenCL SDK\2.0\bin\x86;C:\Program Files (x86)\Intel\OpenCL SDK\2.0\bin\x64;C:\Program Files\7-Zip;C:\Program Files (x86)\QuickTime\QTSystem\;C:\Program Files\nodejs\;C:\Program Files (x86)\Skype\Phone\;c:\spring\maven\bin;C:\Sencha\Cmd\6.0.0.202;C:\Users\lev\bin\Sencha\Cmd\6.0.0.202;C:\Users\lev\AppData\Roaming\npm
USERNAME=lev
OS=Windows_NT
PROCESSOR_IDENTIFIER=Intel64 Family 6 Model 42 Stepping 7, GenuineIntel



---------------  S Y S T E M  ---------------

OS: Windows 7 , 64 bit Build 7601 (6.1.7601.18229)

CPU:total 8 (4 cores per cpu, 2 threads per core) family 6 model 42 stepping 7, cmov, cx8, fxsr, mmx, sse, sse2, sse3, ssse3, sse4.1, sse4.2, popcnt, avx, aes, clmul, ht, tsc, tscinvbit

Memory: 4k page, physical 8298804k(313352k free), swap 13416940k(81996k free)

vm_info: Java HotSpot(TM) 64-Bit Server VM (25.60-b23) for windows-amd64 JRE (1.8.0_60-b27), built on Aug  4 2015 11:06:27 by "java_re" with MS VC++ 10.0 (VS2010)

time: Thu Jul 28 10:53:18 2016
elapsed time: 62 seconds (0d 0h 1m 2s)

