JvmtiExport can_access_local_variables 0
JvmtiExport can_hotswap_or_post_breakpoint 0
JvmtiExport can_post_on_exceptions 0
# 931 ciObject found
ciMethod java/lang/Object <init> ()V 4097 1 3320885 0 0
ciMethod java/lang/Object getClass ()Ljava/lang/Class; 2049 1 256 0 -1
ciMethod java/lang/Object hashCode ()I 2049 1 256 0 -1
ciMethod java/lang/Object equals (Ljava/lang/Object;)Z 625 1 7962 0 -1
ciMethod java/lang/Object clone ()Ljava/lang/Object; 3073 1 384 0 -1
ciMethod java/lang/Object toString ()Ljava/lang/String; 4097 1 987 0 -1
ciMethod java/lang/String <init> ([CII)V 4097 1 5713 0 672
ciMethod java/lang/String <init> ([CZ)V 2049 1 26659 0 64
ciMethod java/lang/String length ()I 4097 1 306867 0 0
ciMethod java/lang/String charAt (I)C 4097 1 623955 0 -1
ciMethod java/lang/String getChars (II[CI)V 2065 1 5432 0 320
ciMethod java/lang/String equals (Ljava/lang/Object;)Z 3257 12641 2487 0 -1
ciMethod java/lang/String indexOf (I)I 3377 1 31913 0 288
ciMethod java/lang/String indexOf (II)I 1625 73729 864 0 -1
ciMethod java/lang/String substring (II)Ljava/lang/String; 2505 1 5548 0 -1
ciMethod java/lang/String replace (Ljava/lang/CharSequence;Ljava/lang/CharSequence;)Ljava/lang/String; 753 1 94 0 -1
ciMethod java/lang/String toString ()Ljava/lang/String; 2049 1 2602 0 0
ciMethod java/lang/String valueOf (Ljava/lang/Object;)Ljava/lang/String; 409 1 52182 0 96
ciMethod java/lang/Class isInstance (Ljava/lang/Object;)Z 2049 1 256 0 -1
ciMethod java/lang/Class isAssignableFrom (Ljava/lang/Class;)Z 2049 1 256 0 -1
ciMethod java/lang/Class isInterface ()Z 2057 1 257 0 -1
ciMethod java/lang/Class isPrimitive ()Z 2049 1 256 0 -1
ciMethod java/lang/System currentTimeMillis ()J 2049 1 256 0 -1
ciMethod java/lang/System arraycopy (Ljava/lang/Object;ILjava/lang/Object;II)V 8193 1 1024 0 -1
ciMethod java/lang/Throwable printStackTrace ()V 0 0 1 0 -1
ciMethod java/lang/Thread currentThread ()Ljava/lang/Thread; 3073 1 384 0 -1
ciMethod java/lang/Thread interrupt ()V 0 0 1 0 0
ciMethod java/lang/Thread checkAccess ()V 217 1 27 0 -1
ciMethod java/lang/Thread interrupt0 ()V 0 0 1 0 -1
ciMethod java/util/Map get (Ljava/lang/Object;)Ljava/lang/Object; 0 0 1 0 -1
ciMethod java/lang/reflect/AccessibleObject setAccessible (Z)V 2049 1 2285 0 -1
ciMethod java/lang/reflect/Method getDeclaringClass ()Ljava/lang/Class; 1153 1 144 0 -1
ciMethod java/lang/reflect/Method getName ()Ljava/lang/String; 1233 1 154 0 -1
ciMethod java/lang/reflect/Method getReturnType ()Ljava/lang/Class; 1097 1 137 0 -1
ciMethod java/lang/reflect/Method invoke (Ljava/lang/Object;[Ljava/lang/Object;)Ljava/lang/Object; 2049 1 5429 2 -1
ciMethod java/lang/Appendable append (Ljava/lang/CharSequence;)Ljava/lang/Appendable; 0 0 1 0 -1
ciMethod java/lang/AbstractStringBuilder <init> (I)V 913 1 149237 0 0
ciMethod java/lang/AbstractStringBuilder length ()I 1153 1 144 0 0
ciMethod java/lang/AbstractStringBuilder ensureCapacityInternal (I)V 3089 1 175519 0 576
ciMethod java/lang/AbstractStringBuilder expandCapacity (I)V 1049 1 5258 0 544
ciMethod java/lang/AbstractStringBuilder append (Ljava/lang/String;)Ljava/lang/AbstractStringBuilder; 1633 1 5490 0 896
ciMethod java/lang/AbstractStringBuilder appendNull ()Ljava/lang/AbstractStringBuilder; 0 0 3 0 0
ciMethod java/lang/AbstractStringBuilder append (C)Ljava/lang/AbstractStringBuilder; 2601 1 162433 0 0
ciMethod java/lang/StringBuilder <init> (I)V 297 1 9912 0 224
ciMethod java/lang/StringBuilder <init> (Ljava/lang/String;)V 2121 1 39191 0 1088
ciMethod java/lang/StringBuilder append (Ljava/lang/Object;)Ljava/lang/StringBuilder; 409 1 50993 0 960
ciMethod java/lang/StringBuilder append (Ljava/lang/String;)Ljava/lang/StringBuilder; 1633 1 605983 0 896
ciMethod java/lang/StringBuilder append (C)Ljava/lang/StringBuilder; 3417 1 76854 0 704
ciMethod java/lang/StringBuilder toString ()Ljava/lang/String; 889 1 177816 0 800
ciMethod java/lang/StringBuilder setLength (I)V 121 1 287 0 -1
ciMethod java/lang/StringBuilder length ()I 3193 1 5612 0 0
ciMethod java/lang/Boolean booleanValue ()Z 1025 1 128 0 -1
ciMethod java/lang/Boolean valueOf (Z)Ljava/lang/Boolean; 601 1 10672 0 -1
ciMethod java/lang/Character valueOf (C)Ljava/lang/Character; 1 1 5973 0 -1
ciMethod java/lang/Number <init> ()V 3129 1 645041 0 32
ciMethod java/lang/Double toString (D)Ljava/lang/String; 2049 1 52289 0 -1
ciMethod java/lang/Double valueOf (D)Ljava/lang/Double; 465 1 536903 0 160
ciMethod java/lang/Double parseDouble (Ljava/lang/String;)D 0 0 1 0 -1
ciMethod java/lang/Double <init> (D)V 465 1 550961 0 0
ciMethod java/lang/Double doubleValue ()D 1 1 440385 0 -1
ciMethod java/lang/Integer toString (I)Ljava/lang/String; 2073 1 4174 0 0
ciMethod java/lang/Integer getChars (II[C)V 2089 849 6540 0 1216
ciMethod java/lang/Integer stringSize (I)I 2081 1001 10046 0 0
ciMethod java/lang/Integer valueOf (I)Ljava/lang/Integer; 305 1 56452 0 192
ciMethod java/lang/Integer <init> (I)V 2409 1 42867 0 -1
ciMethod java/lang/Integer intValue ()I 1041 1 130 0 -1
ciMethod java/lang/Integer toString ()Ljava/lang/String; 41 1 1716 0 0
ciMethod java/lang/Long toString (J)Ljava/lang/String; 2377 1 5874 0 -1
ciMethod java/lang/Long longValue ()J 1 1 6246 0 -1
ciMethod java/lang/Long signum (J)I 385 1 13864 0 0
ciMethod java/security/AccessController doPrivileged (Ljava/security/PrivilegedAction;)Ljava/lang/Object; 2049 1 256 0 -1
ciMethod java/util/List size ()I 0 0 1 0 -1
ciMethod java/util/List isEmpty ()Z 0 0 1 0 -1
ciMethod java/util/List iterator ()Ljava/util/Iterator; 0 0 1 0 -1
ciMethod java/util/List toArray ([Ljava/lang/Object;)[Ljava/lang/Object; 0 0 1 0 -1
ciMethod java/util/AbstractList <init> ()V 2049 1 231220 0 32
ciMethod java/util/AbstractCollection <init> ()V 641 1 321381 0 32
ciMethod java/util/Map$Entry getKey ()Ljava/lang/Object; 0 0 1 0 -1
ciMethod java/util/Map$Entry getValue ()Ljava/lang/Object; 0 0 1 0 -1
ciMethod java/lang/Math floorDiv (JJ)J 2065 1 34059 0 160
ciMethod java/lang/Math floorMod (JJ)J 2065 1 19778 0 0
ciMethod java/lang/Math abs (J)J 16401 1 31789 0 0
ciMethod java/lang/Math min (II)I 4097 1 111959 0 -1
ciMethod java/util/ArrayList <init> (I)V 2081 1 5387 0 -1
ciMethod java/util/ArrayList <init> ()V 1345 1 141592 0 64
ciMethod java/util/ArrayList size ()I 1049 1 131 0 0
ciMethod java/util/ArrayList toArray ([Ljava/lang/Object;)[Ljava/lang/Object; 321 1 5169 0 1216
ciMethod java/util/ArrayList iterator ()Ljava/util/Iterator; 2121 1 5732 0 192
ciMethod java/util/ArrayList access$100 (Ljava/util/ArrayList;)I 2897 1 362 0 0
ciMethod java/util/Set iterator ()Ljava/util/Iterator; 0 0 1 0 -1
ciMethod java/util/Set add (Ljava/lang/Object;)Z 0 0 1 0 -1
ciMethod java/util/AbstractSet <init> ()V 113 1 88232 0 32
ciMethod java/util/HashMap hash (Ljava/lang/Object;)I 3081 1 118255 0 160
ciMethod java/util/HashMap comparableClassFor (Ljava/lang/Object;)Ljava/lang/Class; 0 0 1 0 -1
ciMethod java/util/HashMap compareComparables (Ljava/lang/Class;Ljava/lang/Object;Ljava/lang/Object;)I 0 0 1 0 -1
ciMethod java/util/HashMap <init> ()V 169 1 87393 0 -1
ciMethod java/util/HashMap get (Ljava/lang/Object;)Ljava/lang/Object; 2137 1 37346 0 672
ciMethod java/util/HashMap getNode (ILjava/lang/Object;)Ljava/util/HashMap$Node; 2057 25 11361 0 480
ciMethod java/util/HashMap put (Ljava/lang/Object;Ljava/lang/Object;)Ljava/lang/Object; 2057 1 50608 0 1248
ciMethod java/util/HashMap putVal (ILjava/lang/Object;Ljava/lang/Object;ZZ)Ljava/lang/Object; 16553 473 13748 0 1248
ciMethod java/util/HashMap resize ()[Ljava/util/HashMap$Node; 193 2569 4488 0 -1
ciMethod java/util/HashMap treeifyBin ([Ljava/util/HashMap$Node;I)V 1 1 35 0 0
ciMethod java/util/HashMap entrySet ()Ljava/util/Set; 3217 1 5687 0 192
ciMethod java/util/HashMap newNode (ILjava/lang/Object;Ljava/lang/Object;Ljava/util/HashMap$Node;)Ljava/util/HashMap$Node; 2089 1 5425 0 224
ciMethod java/util/HashMap newTreeNode (ILjava/lang/Object;Ljava/lang/Object;Ljava/util/HashMap$Node;)Ljava/util/HashMap$TreeNode; 625 1 78 0 -1
ciMethod java/util/HashMap replacementTreeNode (Ljava/util/HashMap$Node;Ljava/util/HashMap$Node;)Ljava/util/HashMap$TreeNode; 2521 1 315 0 -1
ciMethod java/util/HashMap afterNodeAccess (Ljava/util/HashMap$Node;)V 2089 1 1111 0 0
ciMethod java/util/HashMap afterNodeInsertion (Z)V 2377 1 1349 0 0
ciMethod java/util/HashMap$Node <init> (ILjava/lang/Object;Ljava/lang/Object;Ljava/util/HashMap$Node;)V 2065 1 11590 0 0
ciMethod java/util/HashMap$Node getKey ()Ljava/lang/Object; 1033 1 129 0 0
ciMethod java/util/HashMap$Node getValue ()Ljava/lang/Object; 1089 1 136 0 0
ciMethod java/util/Arrays copyOf ([Ljava/lang/Object;ILjava/lang/Class;)[Ljava/lang/Object; 2329 1 5506 0 -1
ciMethod java/util/Arrays copyOf ([CI)[C 2049 1 20765 0 0
ciMethod java/util/Arrays copyOfRange ([III)[I 2081 1 490 0 -1
ciMethod java/util/Arrays copyOfRange ([CII)[C 4097 1 5647 0 -1
ciMethod java/util/Objects requireNonNull (Ljava/lang/Object;Ljava/lang/String;)Ljava/lang/Object; 2049 1 106223 0 64
ciMethod java/util/Iterator hasNext ()Z 0 0 1 0 -1
ciMethod java/util/Iterator next ()Ljava/lang/Object; 0 0 1 0 -1
ciMethod java/util/Iterator remove ()V 0 0 1 0 -1
ciMethod java/io/OutputStream flush ()V 3081 1 1519 0 -1
ciMethod java/io/PrintStream ensureOpen ()V 3089 1 4364 0 0
ciMethod java/io/PrintStream write (Ljava/lang/String;)V 25 1 1020 0 0
ciMethod java/io/PrintStream newLine ()V 25 1 1020 0 0
ciMethod java/io/PrintStream print (Ljava/lang/String;)V 25 1 1020 0 0
ciMethod java/io/PrintStream println (Ljava/lang/String;)V 25 1 1020 0 0
ciMethod java/io/OutputStreamWriter flushBuffer ()V 3729 1 2040 0 0
ciMethod java/io/Writer write ([CII)V 0 0 1 0 -1
ciMethod java/io/Writer write (Ljava/lang/String;)V 3081 1 2186 0 0
ciMethod java/io/Writer write (Ljava/lang/String;II)V 0 0 1 0 -1
ciMethod sun/nio/cs/StreamEncoder flushBuffer ()V 3753 1 2040 0 -1
ciMethod sun/security/action/GetPropertyAction <init> (Ljava/lang/String;Ljava/lang/String;)V 97 1 12 0 -1
ciMethod java/io/BufferedWriter ensureOpen ()V 3081 1 4089 0 0
ciMethod java/io/BufferedWriter flushBuffer ()V 2745 1 2041 0 0
ciMethod java/io/BufferedWriter min (II)I 3265 1 2048 0 0
ciMethod java/io/BufferedWriter write (Ljava/lang/String;II)V 3137 3137 2048 0 0
ciMethod java/io/BufferedWriter newLine ()V 3097 1 1020 0 -1
ciMethod java/lang/Enum ordinal ()I 1097 1 137 0 0
ciMethodData java/lang/Object <init> ()V 2 3320885 orig 264 216 160 246 80 0 0 0 0 128 4 76 23 0 0 0 0 32 1 0 0 0 0 0 0 0 0 0 0 0 0 0 0 0 0 0 0 0 0 0 0 0 0 0 0 0 0 0 0 0 0 0 0 0 0 0 0 0 0 0 0 0 0 0 0 0 0 0 0 0 0 0 0 0 0 0 0 0 0 0 0 77 68 79 32 101 120 116 114 97 32 100 97 116 97 32 108 111 99 107 0 0 0 0 0 0 0 0 0 0 0 0 0 0 0 0 0 0 0 0 0 0 0 0 0 0 0 0 0 0 0 0 0 0 0 0 0 0 0 0 0 0 0 0 0 0 0 0 0 0 0 0 0 0 0 0 0 0 0 0 0 0 0 0 0 0 0 0 0 0 0 0 0 0 0 0 0 0 0 0 0 0 0 0 0 1 0 0 0 0 0 0 0 1 0 0 0 0 0 0 0 1 0 0 0 0 0 0 0 0 0 0 0 0 0 0 0 0 2 0 0 169 81 149 1 1 0 0 0 0 0 0 0 0 0 0 0 2 0 0 0 0 0 3 0 1 0 0 0 0 0 0 0 255 255 255 255 0 0 0 0 0 0 0 0 data 0 oops 0
ciMethod java/util/Locale getInstance (Ljava/lang/String;Ljava/lang/String;Ljava/lang/String;Ljava/lang/String;Lsun/util/locale/LocaleExtensions;)Ljava/util/Locale; 33 1 4 0 -1
ciMethod java/util/Locale getDefault ()Ljava/util/Locale; 2489 1 1555 0 0
ciMethod java/util/Locale getDefault (Ljava/util/Locale$Category;)Ljava/util/Locale; 905 1 5237 0 1024
ciMethod java/util/Locale initDefault (Ljava/util/Locale$Category;)Ljava/util/Locale; 9 1 1 0 0
ciMethod java/util/Locale getLanguage ()Ljava/lang/String; 233 1 1249 0 -1
ciMethod java/util/Locale getScript ()Ljava/lang/String; 89 1 11 0 -1
ciMethod java/util/Locale getCountry ()Ljava/lang/String; 4457 1 5744 0 -1
ciMethod java/util/Locale getVariant ()Ljava/lang/String; 1249 1 156 0 -1
ciMethod java/util/HashMap$TreeNode root ()Ljava/util/HashMap$TreeNode; 1 1 1 0 0
ciMethod java/util/HashMap$TreeNode moveRootToFront ([Ljava/util/HashMap$Node;Ljava/util/HashMap$TreeNode;)V 1081 1 135 0 -1
ciMethod java/util/HashMap$TreeNode find (ILjava/lang/Object;Ljava/lang/Class;)Ljava/util/HashMap$TreeNode; 337 577 1431 0 0
ciMethod java/util/HashMap$TreeNode getTreeNode (ILjava/lang/Object;)Ljava/util/HashMap$TreeNode; 337 1 551 0 0
ciMethod java/util/HashMap$TreeNode tieBreakOrder (Ljava/lang/Object;Ljava/lang/Object;)I 0 0 1 0 -1
ciMethod java/util/HashMap$TreeNode treeify ([Ljava/util/HashMap$Node;)V 457 10065 57 0 -1
ciMethod java/util/HashMap$TreeNode putTreeVal (Ljava/util/HashMap;[Ljava/util/HashMap$Node;ILjava/lang/Object;Ljava/lang/Object;)Ljava/util/HashMap$TreeNode; 625 1889 78 0 0
ciMethod java/util/HashMap$TreeNode split (Ljava/util/HashMap;[Ljava/util/HashMap$Node;II)V 9 89 26 0 -1
ciMethod java/util/HashMap$TreeNode balanceInsertion (Ljava/util/HashMap$TreeNode;Ljava/util/HashMap$TreeNode;)Ljava/util/HashMap$TreeNode; 3257 2825 543 0 -1
ciMethodData java/lang/String length ()I 2 306867 orig 264 216 160 246 80 0 0 0 0 24 60 76 23 0 0 0 0 32 1 0 0 0 0 0 0 0 0 0 0 0 0 0 0 0 0 0 0 0 0 0 0 0 0 0 0 0 0 0 0 0 0 0 0 0 0 0 0 0 0 0 0 0 0 0 0 0 0 0 0 0 0 0 0 0 0 0 0 0 0 0 0 77 68 79 32 101 120 116 114 97 32 100 97 116 97 32 108 111 99 107 0 0 0 0 0 0 0 0 0 0 0 0 0 0 0 0 0 0 0 0 0 0 0 0 0 0 0 0 0 0 0 0 0 0 0 0 0 0 0 0 0 0 0 0 0 0 0 0 0 0 0 0 0 0 0 0 0 0 0 0 0 0 0 0 0 0 0 0 0 0 0 0 0 0 0 0 0 0 0 0 0 0 0 0 0 1 0 0 0 0 0 0 0 0 0 0 0 0 0 0 0 1 0 0 0 0 0 0 0 0 0 0 0 0 0 0 0 0 2 0 0 153 101 37 0 1 0 0 0 0 0 0 0 0 0 0 0 2 0 0 0 0 0 3 0 1 0 0 0 0 0 0 0 255 255 255 255 0 0 0 0 0 0 0 0 data 0 oops 0
ciMethodData java/lang/AbstractStringBuilder ensureCapacityInternal (I)V 2 175519 orig 264 216 160 246 80 0 0 0 0 120 59 83 23 0 0 0 0 160 1 0 0 0 0 0 0 0 0 0 0 0 0 0 0 0 0 0 0 0 0 0 0 0 0 0 0 0 0 0 0 0 0 0 0 0 0 0 0 0 0 0 0 0 0 0 0 0 0 0 0 0 0 0 0 0 0 0 0 0 0 0 0 77 68 79 32 101 120 116 114 97 32 100 97 116 97 32 108 111 99 107 0 0 0 0 0 0 0 0 0 0 0 0 0 0 0 0 0 0 0 0 0 0 0 0 0 0 0 0 0 0 0 0 0 0 0 0 0 0 0 0 0 0 0 0 0 0 0 0 0 0 0 0 0 0 0 0 0 0 0 0 0 0 0 0 0 0 0 0 0 0 0 0 0 0 0 0 0 0 0 0 0 0 0 0 0 0 0 0 0 0 0 0 0 0 0 0 0 0 0 0 0 0 0 0 0 0 0 0 0 0 0 0 0 0 0 0 0 130 1 0 0 233 96 21 0 1 0 0 0 0 0 0 0 0 0 0 0 2 0 0 0 0 0 6 0 2 0 0 0 80 0 0 0 255 255 255 255 7 0 7 0 0 0 0 0 data 10 0x70007 0x2958b 0x50 0x1692 0xc0005 0x0 0x18e44e20 0x1306 0x18e448e0 0x38c oops 2