#
# There is insufficient memory for the Java Runtime Environment to continue.
# Native memory allocation (malloc) failed to allocate 1197296 bytes for Chunk::new
# Possible reasons:
#   The system is out of physical RAM or swap space
#   In 32 bit mode, the process size limit was hit
# Possible solutions:
#   Reduce memory load on the system
#   Increase physical memory or swap space
#   Check if swap backing store is full
#   Use 64 bit Java on a 64 bit OS
#   Decrease Java heap size (-Xmx/-Xms)
#   Decrease number of Java threads
#   Decrease Java thread stack sizes (-Xss)
#   Set larger code cache with -XX:ReservedCodeCacheSize=
# This output file may be truncated or incomplete.
#
#  Out of Memory Error (allocation.cpp:390), pid=9792, tid=9548
#
# JRE version: Java(TM) SE Runtime Environment (8.0_60-b27) (build 1.8.0_60-b27)
# Java VM: Java HotSpot(TM) 64-Bit Server VM (25.60-b23 mixed mode windows-amd64 compressed oops)
# Failed to write core dump. Minidumps are not enabled by default on client versions of Windows
#

---------------  T H R E A D  ---------------

Current thread (0x0000000058c91000):  JavaThread "C2 CompilerThread1" daemon [_thread_in_native, id=9548, stack(0x000000005a520000,0x000000005a620000)]

Stack: [0x000000005a520000,0x000000005a620000]
[error occurred during error reporting (printing stack bounds), id 0xc0000005]

Native frames: (J=compiled Java code, j=interpreted, Vv=VM code, C=native code)


Current CompileTask:
C2:  30460 3684   !   4       java.net.URL::<init> (543 bytes)


---------------  P R O C E S S  ---------------

Java Threads: ( => current thread )
  0x000000005b5fd000 JavaThread "http-nio-8090-exec-10" daemon [_thread_in_native, id=1436, stack(0x0000000062640000,0x0000000062740000)]
  0x000000005b5fc800 JavaThread "http-nio-8090-exec-9" daemon [_thread_blocked, id=7660, stack(0x000000005bad0000,0x000000005bbd0000)]
  0x000000005b5fb800 JavaThread "http-nio-8090-exec-8" daemon [_thread_blocked, id=8132, stack(0x0000000062410000,0x0000000062510000)]
  0x000000005b5fb000 JavaThread "http-nio-8090-exec-7" daemon [_thread_in_native, id=7304, stack(0x0000000062220000,0x0000000062320000)]
  0x000000005b5fa000 JavaThread "http-nio-8090-exec-6" daemon [_thread_blocked, id=4020, stack(0x0000000062110000,0x0000000062210000)]
  0x000000005b5f9800 JavaThread "http-nio-8090-exec-5" daemon [_thread_blocked, id=4004, stack(0x0000000061840000,0x0000000061940000)]
  0x000000005b5f8800 JavaThread "http-nio-8090-exec-4" daemon [_thread_blocked, id=9488, stack(0x0000000061c70000,0x0000000061d70000)]
  0x000000005b5f8000 JavaThread "http-nio-8090-exec-3" daemon [_thread_blocked, id=8304, stack(0x000000005bd40000,0x000000005be40000)]
  0x000000005b5f1000 JavaThread "http-nio-8090-exec-2" daemon [_thread_blocked, id=6632, stack(0x000000005fa50000,0x000000005fb50000)]
  0x000000005b5f2000 JavaThread "http-nio-8090-exec-1" daemon [_thread_blocked, id=7508, stack(0x0000000061740000,0x0000000061840000)]
  0x000000005b5f7000 JavaThread "DestroyJavaVM" [_thread_blocked, id=8688, stack(0x0000000002670000,0x0000000002770000)]
  0x000000005b5f6800 JavaThread "http-nio-8090-Acceptor-0" daemon [_thread_in_native, id=8452, stack(0x000000005fd70000,0x000000005fe70000)]
  0x000000005b5f5800 JavaThread "http-nio-8090-ClientPoller-1" daemon [_thread_in_native, id=5752, stack(0x0000000060490000,0x0000000060590000)]
  0x000000005b5f5000 JavaThread "http-nio-8090-ClientPoller-0" daemon [_thread_in_native, id=8540, stack(0x0000000060040000,0x0000000060140000)]
  0x000000005b5f4000 JavaThread "NioBlockingSelector.BlockPoller-1" daemon [_thread_in_native, id=1784, stack(0x000000005fe70000,0x000000005ff70000)]
  0x000000005b5f3800 JavaThread "container-0" [_thread_blocked, id=7048, stack(0x000000005e560000,0x000000005e660000)]
  0x000000005b5f2800 JavaThread "ContainerBackgroundProcessor[StandardEngine[Tomcat].StandardHost[localhost].StandardContext[]]" daemon [_thread_blocked, id=4192, stack(0x0000000061610000,0x0000000061710000)]
  0x000000005b452800 JavaThread "RMI TCP Accept-0" daemon [_thread_in_native, id=7696, stack(0x000000005bbe0000,0x000000005bce0000)]
  0x000000005b449000 JavaThread "RMI TCP Accept-47612" daemon [_thread_in_native, id=5864, stack(0x000000005b9d0000,0x000000005bad0000)]
  0x000000005b375800 JavaThread "RMI TCP Accept-0" daemon [_thread_in_native, id=5016, stack(0x000000005afd0000,0x000000005b0d0000)]
  0x0000000058d20800 JavaThread "Service Thread" daemon [_thread_blocked, id=4304, stack(0x000000005a880000,0x000000005a980000)]
  0x0000000058ca3000 JavaThread "C1 CompilerThread3" daemon [_thread_blocked, id=8728, stack(0x000000005a6c0000,0x000000005a7c0000)]
  0x0000000058c9a000 JavaThread "C2 CompilerThread2" daemon [_thread_blocked, id=4328, stack(0x000000005a030000,0x000000005a130000)]
=>0x0000000058c91000 JavaThread "C2 CompilerThread1" daemon [_thread_in_native, id=9548, stack(0x000000005a520000,0x000000005a620000)]
  0x0000000058c88000 JavaThread "C2 CompilerThread0" daemon [_thread_blocked, id=7656, stack(0x000000005a3b0000,0x000000005a4b0000)]
  0x0000000058c84800 JavaThread "Attach Listener" daemon [_thread_blocked, id=9324, stack(0x000000005a260000,0x000000005a360000)]
  0x0000000058c90800 JavaThread "Signal Dispatcher" daemon [_thread_blocked, id=5944, stack(0x000000005a150000,0x000000005a250000)]
  0x0000000057dee000 JavaThread "Finalizer" daemon [_thread_blocked, id=7920, stack(0x0000000059f30000,0x000000005a030000)]
  0x0000000057de7000 JavaThread "Reference Handler" daemon [_thread_blocked, id=7120, stack(0x0000000059c00000,0x0000000059d00000)]

Other Threads:
  0x0000000058c33800 VMThread [stack: 0x0000000059d40000,0x0000000059e40000] [id=10224]
  0x000000005b459000 WatcherThread [stack: 0x000000005be90000,0x000000005bf90000] [id=7156]

VM state:not at safepoint (normal execution)

VM Mutex/Monitor currently owned by a thread: None

Heap:
 PSYoungGen      total 271872K, used 23156K [0x00000000d5c00000, 0x00000000edd80000, 0x0000000100000000)
  eden space 257024K, 9% used [0x00000000d5c00000,0x00000000d729d168,0x00000000e5700000)
  from space 14848K, 0% used [0x00000000e5700000,0x00000000e5700000,0x00000000e6580000)
  to   space 17408K, 0% used [0x00000000ecc80000,0x00000000ecc80000,0x00000000edd80000)
 ParOldGen       total 81920K, used 21704K [0x0000000081400000, 0x0000000086400000, 0x00000000d5c00000)
  object space 81920K, 26% used [0x0000000081400000,0x0000000082932308,0x0000000086400000)
 Metaspace       used 39160K, capacity 39506K, committed 39848K, reserved 1083392K
  class space    used 4846K, capacity 4927K, committed 5040K, reserved 1048576K

Card table byte_map: [0x0000000011e00000,0x0000000012200000] byte_map_base: 0x00000000119f6000

Marking Bits: (ParMarkBitMap*) 0x000000007084a5b0
 Begin Bits: [0x0000000012e50000, 0x0000000014e00000)
 End Bits:   [0x0000000014e00000, 0x0000000016db0000)

Polling page: 0x0000000000220000

CodeCache: size=245760Kb used=11328Kb max_used=12528Kb free=234431Kb
 bounds [0x0000000002a40000, 0x0000000003690000, 0x0000000011a40000]
 total_blobs=3634 nmethods=3176 adapters=370
 compilation: enabled

Compilation events (10 events):
Event: 30.193 Thread 0x0000000058ca3000 3701       1       org.hibernate.internal.SessionFactoryImpl::getSettings (5 bytes)
Event: 30.193 Thread 0x0000000058ca3000 nmethod 3701 0x0000000002dfef90 code [0x0000000002dff0e0, 0x0000000002dff1f0]
Event: 30.223 Thread 0x0000000058c88000 3702       4       java.util.WeakHashMap::put (162 bytes)
Event: 30.225 Thread 0x0000000058c9a000 3703       4       sun.net.www.protocol.jar.Handler::indexOfBangSlash (52 bytes)
Event: 30.227 Thread 0x0000000058c88000 nmethod 3702 0x0000000002e14150 code [0x0000000002e142c0, 0x0000000002e14638]
Event: 30.228 Thread 0x0000000058c9a000 nmethod 3703 0x0000000002e13c10 code [0x0000000002e13d60, 0x0000000002e13f58]
Event: 30.246 Thread 0x0000000058c88000 3704       4       java.lang.String::lastIndexOf (11 bytes)
Event: 30.246 Thread 0x0000000058ca3000 3705       3       java.util.regex.Pattern$BmpCharProperty::match (50 bytes)
Event: 30.247 Thread 0x0000000058ca3000 nmethod 3705 0x0000000002e0a890 code [0x0000000002e0aa20, 0x0000000002e0aec8]
Event: 30.249 Thread 0x0000000058c88000 nmethod 3704 0x0000000002f323d0 code [0x0000000002f32520, 0x0000000002f327b8]

GC Heap History (10 events):
Event: 2.493 GC heap before
{Heap before GC invocations=5 (full 0):
 PSYoungGen      total 138240K, used 19684K [0x00000000d5c00000, 0x00000000de800000, 0x0000000100000000)
  eden space 133120K, 10% used [0x00000000d5c00000,0x00000000d6a3c0a8,0x00000000dde00000)
  from space 5120K, 99% used [0x00000000de300000,0x00000000de7fd0b0,0x00000000de800000)
  to   space 5120K, 0% used [0x00000000dde00000,0x00000000dde00000,0x00000000de300000)
 ParOldGen       total 87552K, used 7416K [0x0000000081400000, 0x0000000086980000, 0x00000000d5c00000)
  object space 87552K, 8% used [0x0000000081400000,0x0000000081b3e1b0,0x0000000086980000)
 Metaspace       used 20970K, capacity 21134K, committed 21296K, reserved 1069056K
  class space    used 2541K, capacity 2589K, committed 2608K, reserved 1048576K
Event: 2.499 GC heap after
Heap after GC invocations=5 (full 0):
 PSYoungGen      total 138240K, used 5089K [0x00000000d5c00000, 0x00000000e7400000, 0x0000000100000000)
  eden space 133120K, 0% used [0x00000000d5c00000,0x00000000d5c00000,0x00000000dde00000)
  from space 5120K, 99% used [0x00000000dde00000,0x00000000de2f8788,0x00000000de300000)
  to   space 10240K, 0% used [0x00000000e6a00000,0x00000000e6a00000,0x00000000e7400000)
 ParOldGen       total 87552K, used 7644K [0x0000000081400000, 0x0000000086980000, 0x00000000d5c00000)
  object space 87552K, 8% used [0x0000000081400000,0x0000000081b77280,0x0000000086980000)
 Metaspace       used 20970K, capacity 21134K, committed 21296K, reserved 1069056K
  class space    used 2541K, capacity 2589K, committed 2608K, reserved 1048576K
}
Event: 2.499 GC heap before
{Heap before GC invocations=6 (full 1):
 PSYoungGen      total 138240K, used 5089K [0x00000000d5c00000, 0x00000000e7400000, 0x0000000100000000)
  eden space 133120K, 0% used [0x00000000d5c00000,0x00000000d5c00000,0x00000000dde00000)
  from space 5120K, 99% used [0x00000000dde00000,0x00000000de2f8788,0x00000000de300000)
  to   space 10240K, 0% used [0x00000000e6a00000,0x00000000e6a00000,0x00000000e7400000)
 ParOldGen       total 87552K, used 7644K [0x0000000081400000, 0x0000000086980000, 0x00000000d5c00000)
  object space 87552K, 8% used [0x0000000081400000,0x0000000081b77280,0x0000000086980000)
 Metaspace       used 20970K, capacity 21134K, committed 21296K, reserved 1069056K
  class space    used 2541K, capacity 2589K, committed 2608K, reserved 1048576K
Event: 2.528 GC heap after
Heap after GC invocations=6 (full 1):
 PSYoungGen      total 138240K, used 0K [0x00000000d5c00000, 0x00000000e7400000, 0x0000000100000000)
  eden space 133120K, 0% used [0x00000000d5c00000,0x00000000d5c00000,0x00000000dde00000)
  from space 5120K, 0% used [0x00000000dde00000,0x00000000dde00000,0x00000000de300000)
  to   space 10240K, 0% used [0x00000000e6a00000,0x00000000e6a00000,0x00000000e7400000)
 ParOldGen       total 55296K, used 6866K [0x0000000081400000, 0x0000000084a00000, 0x00000000d5c00000)
  object space 55296K, 12% used [0x0000000081400000,0x0000000081ab4978,0x0000000084a00000)
 Metaspace       used 20970K, capacity 21134K, committed 21296K, reserved 1069056K
  class space    used 2541K, capacity 2589K, committed 2608K, reserved 1048576K
}
Event: 29.399 GC heap before
{Heap before GC invocations=7 (full 1):
 PSYoungGen      total 138240K, used 133120K [0x00000000d5c00000, 0x00000000e7400000, 0x0000000100000000)
  eden space 133120K, 100% used [0x00000000d5c00000,0x00000000dde00000,0x00000000dde00000)
  from space 5120K, 0% used [0x00000000dde00000,0x00000000dde00000,0x00000000de300000)
  to   space 10240K, 0% used [0x00000000e6a00000,0x00000000e6a00000,0x00000000e7400000)
 ParOldGen       total 55296K, used 6866K [0x0000000081400000, 0x0000000084a00000, 0x00000000d5c00000)
  object space 55296K, 12% used [0x0000000081400000,0x0000000081ab4978,0x0000000084a00000)
 Metaspace       used 29618K, capacity 29934K, committed 30384K, reserved 1075200K
  class space    used 3620K, capacity 3705K, committed 3760K, reserved 1048576K
Event: 29.439 GC heap after
Heap after GC invocations=7 (full 1):
 PSYoungGen      total 228352K, used 10230K [0x00000000d5c00000, 0x00000000e7400000, 0x0000000100000000)
  eden space 218112K, 0% used [0x00000000d5c00000,0x00000000d5c00000,0x00000000e3100000)
  from space 10240K, 99% used [0x00000000e6a00000,0x00000000e73fd8e0,0x00000000e7400000)
  to   space 14848K, 0% used [0x00000000e5700000,0x00000000e5700000,0x00000000e6580000)
 ParOldGen       total 55296K, used 12025K [0x0000000081400000, 0x0000000084a00000, 0x00000000d5c00000)
  object space 55296K, 21% used [0x0000000081400000,0x0000000081fbe500,0x0000000084a00000)
 Metaspace       used 29618K, capacity 29934K, committed 30384K, reserved 1075200K
  class space    used 3620K, capacity 3705K, committed 3760K, reserved 1048576K
}
Event: 29.949 GC heap before
{Heap before GC invocations=8 (full 1):
 PSYoungGen      total 228352K, used 51855K [0x00000000d5c00000, 0x00000000e7400000, 0x0000000100000000)
  eden space 218112K, 19% used [0x00000000d5c00000,0x00000000d84a66a8,0x00000000e3100000)
  from space 10240K, 99% used [0x00000000e6a00000,0x00000000e73fd8e0,0x00000000e7400000)
  to   space 14848K, 0% used [0x00000000e5700000,0x00000000e5700000,0x00000000e6580000)
 ParOldGen       total 55296K, used 12025K [0x0000000081400000, 0x0000000084a00000, 0x00000000d5c00000)
  object space 55296K, 21% used [0x0000000081400000,0x0000000081fbe500,0x0000000084a00000)
 Metaspace       used 34959K, capacity 35226K, committed 35496K, reserved 1081344K
  class space    used 4390K, capacity 4507K, committed 4528K, reserved 1048576K
Event: 29.962 GC heap after
Heap after GC invocations=8 (full 1):
 PSYoungGen      total 271872K, used 14823K [0x00000000d5c00000, 0x00000000edd80000, 0x0000000100000000)
  eden space 257024K, 0% used [0x00000000d5c00000,0x00000000d5c00000,0x00000000e5700000)
  from space 14848K, 99% used [0x00000000e5700000,0x00000000e6579db8,0x00000000e6580000)
  to   space 17408K, 0% used [0x00000000ecc80000,0x00000000ecc80000,0x00000000edd80000)
 ParOldGen       total 55296K, used 12648K [0x0000000081400000, 0x0000000084a00000, 0x00000000d5c00000)
  object space 55296K, 22% used [0x0000000081400000,0x000000008205a378,0x0000000084a00000)
 Metaspace       used 34959K, capacity 35226K, committed 35496K, reserved 1081344K
  class space    used 4390K, capacity 4507K, committed 4528K, reserved 1048576K
}
Event: 29.962 GC heap before
{Heap before GC invocations=9 (full 2):
 PSYoungGen      total 271872K, used 14823K [0x00000000d5c00000, 0x00000000edd80000, 0x0000000100000000)
  eden space 257024K, 0% used [0x00000000d5c00000,0x00000000d5c00000,0x00000000e5700000)
  from space 14848K, 99% used [0x00000000e5700000,0x00000000e6579db8,0x00000000e6580000)
  to   space 17408K, 0% used [0x00000000ecc80000,0x00000000ecc80000,0x00000000edd80000)
 ParOldGen       total 55296K, used 12648K [0x0000000081400000, 0x0000000084a00000, 0x00000000d5c00000)
  object space 55296K, 22% used [0x0000000081400000,0x000000008205a378,0x0000000084a00000)
 Metaspace       used 34959K, capacity 35226K, committed 35496K, reserved 1081344K
  class space    used 4390K, capacity 4507K, committed 4528K, reserved 1048576K
Event: 30.002 GC heap after
Heap after GC invocations=9 (full 2):
 PSYoungGen      total 271872K, used 0K [0x00000000d5c00000, 0x00000000edd80000, 0x0000000100000000)
  eden space 257024K, 0% used [0x00000000d5c00000,0x00000000d5c00000,0x00000000e5700000)
  from space 14848K, 0% used [0x00000000e5700000,0x00000000e5700000,0x00000000e6580000)
  to   space 17408K, 0% used [0x00000000ecc80000,0x00000000ecc80000,0x00000000edd80000)
 ParOldGen       total 81920K, used 21704K [0x0000000081400000, 0x0000000086400000, 0x00000000d5c00000)
  object space 81920K, 26% used [0x0000000081400000,0x0000000082932308,0x0000000086400000)
 Metaspace       used 34959K, capacity 35226K, committed 35496K, reserved 1081344K
  class space    used 4390K, capacity 4507K, committed 4528K, reserved 1048576K
}

Deoptimization events (10 events):
Event: 30.187 Thread 0x000000005b5fb000 Uncommon trap: reason=unstable_if action=reinterpret pc=0x0000000002e7f1b0 method=java.lang.String.indexOf([CII[CIII)I @ 27
Event: 30.187 Thread 0x000000005b5fd000 Uncommon trap: reason=unstable_if action=reinterpret pc=0x0000000002e7f1b0 method=java.lang.String.indexOf([CII[CIII)I @ 27
Event: 30.246 Thread 0x000000005b5fd000 Uncommon trap: reason=class_check action=maybe_recompile pc=0x0000000002f4b464 method=java.util.regex.Matcher.match(II)Z @ 86
Event: 30.246 Thread 0x000000005b5fb000 Uncommon trap: reason=class_check action=maybe_recompile pc=0x0000000002f4b464 method=java.util.regex.Matcher.match(II)Z @ 86
Event: 30.246 Thread 0x000000005b5fd000 Uncommon trap: reason=unstable_if action=reinterpret pc=0x0000000002fe73c8 method=java.util.regex.Pattern$BmpCharProperty.match(Ljava/util/regex/Matcher;ILjava/lang/CharSequence;)Z @ 5
Event: 30.246 Thread 0x000000005b5fb000 Uncommon trap: reason=unstable_if action=reinterpret pc=0x0000000002fe73c8 method=java.util.regex.Pattern$BmpCharProperty.match(Ljava/util/regex/Matcher;ILjava/lang/CharSequence;)Z @ 5
Event: 30.246 Thread 0x000000005b5fd000 Uncommon trap: reason=class_check action=maybe_recompile pc=0x0000000002f4b464 method=java.util.regex.Matcher.match(II)Z @ 86
Event: 30.246 Thread 0x000000005b5fb000 Uncommon trap: reason=class_check action=maybe_recompile pc=0x0000000002f4b464 method=java.util.regex.Matcher.match(II)Z @ 86
Event: 30.264 Thread 0x000000005b5fb000 Uncommon trap: reason=unstable_if action=reinterpret pc=0x0000000003657570 method=java.net.URI.match(CJJ)Z @ 19
Event: 30.264 Thread 0x000000005b5fd000 Uncommon trap: reason=unstable_if action=reinterpret pc=0x0000000003657570 method=java.net.URI.match(CJJ)Z @ 19

Internal exceptions (10 events):
Event: 17.194 Thread 0x000000005b5f2000 Exception <a 'java/lang/ClassNotFoundException': org/springframework/web/servlet/theme/FixedThemeResolverCustomizer> (0x00000000dd036778) thrown at [C:\re\workspace\8-2-build-windows-amd64-cygwin\jdk8u60\4407\hotspot\src\share\vm\classfile\systemDictionaryÂùúj21@
Event: 17.195 Thread 0x000000005b5f2000 Exception <a 'java/lang/ClassNotFoundException': org/springframework/web/servlet/view/DefaultRequestToViewNameTranslatorBeanInfo> (0x00000000dd06c890) thrown at [C:\re\workspace\8-2-build-windows-amd64-cygwin\jdk8u60\4407\hotspot\src\share\vm\classfile\syss1æ3*21@
Event: 17.196 Thread 0x000000005b5f2000 Exception <a 'java/lang/ClassNotFoundException': org/springframework/web/servlet/view/DefaultRequestToViewNameTranslatorCustomizer> (0x00000000dd084e48) thrown at [C:\re\workspace\8-2-build-windows-amd64-cygwin\jdk8u60\4407\hotspot\src\share\vm\classfile\s¢4¯Ö21@
Event: 17.199 Thread 0x000000005b5f2000 Exception <a 'java/lang/ClassNotFoundException': org/springframework/web/servlet/support/SessionFlashMapManagerBeanInfo> (0x00000000dd0e1b18) thrown at [C:\re\workspace\8-2-build-windows-amd64-cygwin\jdk8u60\4407\hotspot\src\share\vm\classfile\systemDictio
Event: 17.199 Thread 0x000000005b5f2000 Exception <a 'java/lang/ClassNotFoundException': org/springframework/web/servlet/support/AbstractFlashMapManagerBeanInfo> (0x00000000dd0f80c8) thrown at [C:\re\workspace\8-2-build-windows-amd64-cygwin\jdk8u60\4407\hotspot\src\share\vm\classfile\systemDicti‘gö!31@
Event: 17.200 Thread 0x000000005b5f2000 Exception <a 'java/lang/ClassNotFoundException': org/springframework/web/servlet/support/AbstractFlashMapManagerCustomizer> (0x00000000dd10eb00) thrown at [C:\re\workspace\8-2-build-windows-amd64-cygwin\jdk8u60\4407\hotspot\src\share\vm\classfile\systemDic'^aPO31@
Event: 17.200 Thread 0x000000005b5f2000 Exception <a 'java/lang/ClassNotFoundException': org/springframework/web/servlet/support/SessionFlashMapManagerCustomizer> (0x00000000dd12d208) thrown at [C:\re\workspace\8-2-build-windows-amd64-cygwin\jdk8u60\4407\hotspot\src\share\vm\classfile\systemDict–±PyÏ<@
Event: 28.809 Thread 0x000000005b5f9800 Exception <a 'java/io/FileNotFoundException'> (0x00000000dd6e7fa0) thrown at [C:\re\workspace\8-2-build-windows-amd64-cygwin\jdk8u60\4407\hotspot\src\share\vm\prims\jni.cpp, line 709]
Event: 28.809 Thread 0x000000005b5f9800 Exception <a 'java/io/FileNotFoundException'> (0x00000000dd6e8ae0) thrown at [C:\re\workspace\8-2-build-windows-amd64-cygwin\jdk8u60\4407\hotspot\src\share\vm\prims\jni.cpp, line 709]
Event: 29.798 Thread 0x000000005b5fb000 Implicit null exception at 0x0000000002dc8285 to 0x0000000002dc8481

Events (10 events):
Event: 30.271 loading class oracle/net/ano/DataIntegrityService
Event: 30.271 loading class oracle/net/ano/DataIntegrityService done
Event: 30.272 loading class oracle/net/aso/d
Event: 30.272 loading class oracle/net/aso/d done
Event: 30.272 loading class oracle/net/aso/i
Event: 30.272 loading class oracle/net/aso/i done
Event: 30.272 loading class oracle/net/aso/b
Event: 30.272 loading class oracle/net/aso/b done
Event: 30.272 loading class oracle/net/ns/ConnectPacket
Event: 30.272 loading class oracle/net/ns/ConnectPacket done


Dynamic libraries:
0x000000013fbb0000 - 0x000000013fbe7000 	C:\Program Files (x86)\Java\jdk1.8.0_60\bin\javaw.exe
0x0000000076e70000 - 0x0000000077019000 	C:\Windows\SYSTEM32\ntdll.dll
0x0000000076c50000 - 0x0000000076d6f000 	C:\Windows\system32\kernel32.dll
0x000007fefcfa0000 - 0x000007fefd00b000 	C:\Windows\system32\KERNELBASE.dll
0x000007fefef20000 - 0x000007fefeffb000 	C:\Windows\system32\ADVAPI32.dll
0x000007fefd300000 - 0x000007fefd39f000 	C:\Windows\system32\msvcrt.dll
0x000007fefd200000 - 0x000007fefd21f000 	C:\Windows\SYSTEM32\sechost.dll
0x000007fefd3a0000 - 0x000007fefd4cd000 	C:\Windows\system32\RPCRT4.dll
0x0000000076d70000 - 0x0000000076e6a000 	C:\Windows\system32\USER32.dll
0x000007fefd190000 - 0x000007fefd1f7000 	C:\Windows\system32\GDI32.dll
0x000007fefd220000 - 0x000007fefd22e000 	C:\Windows\system32\LPK.dll
0x000007fefd230000 - 0x000007fefd2f9000 	C:\Windows\system32\USP10.dll
0x000007fefaf00000 - 0x000007fefb0f4000 	C:\Windows\WinSxS\amd64_microsoft.windows.common-controls_6595b64144ccf1df_6.0.7601.17514_none_fa396087175ac9ac\COMCTL32.dll
0x000007fefe9e0000 - 0x000007fefea51000 	C:\Windows\system32\SHLWAPI.dll
0x000007fefeef0000 - 0x000007fefef1e000 	C:\Windows\system32\IMM32.DLL
0x000007fefd4d0000 - 0x000007fefd5d9000 	C:\Windows\system32\MSCTF.dll
0x0000000057b20000 - 0x0000000057bf2000 	C:\Program Files (x86)\Java\jdk1.8.0_60\jre\bin\msvcr100.dll
0x0000000070040000 - 0x00000000708c9000 	C:\Program Files (x86)\Java\jdk1.8.0_60\jre\bin\server\jvm.dll
0x000007fef8c90000 - 0x000007fef8c99000 	C:\Windows\system32\WSOCK32.dll
0x000007fefd970000 - 0x000007fefd9bd000 	C:\Windows\system32\WS2_32.dll
0x000007fefd180000 - 0x000007fefd188000 	C:\Windows\system32\NSI.dll
0x000007fefa9e0000 - 0x000007fefaa1b000 	C:\Windows\system32\WINMM.dll
0x000007fefbda0000 - 0x000007fefbdac000 	C:\Windows\system32\VERSION.dll
0x0000000077040000 - 0x0000000077047000 	C:\Windows\system32\PSAPI.DLL
0x0000000066ec0000 - 0x0000000066ecf000 	C:\Program Files (x86)\Java\jdk1.8.0_60\jre\bin\verify.dll
0x0000000064b00000 - 0x0000000064b29000 	C:\Program Files (x86)\Java\jdk1.8.0_60\jre\bin\java.dll
0x0000000064ae0000 - 0x0000000064af6000 	C:\Program Files (x86)\Java\jdk1.8.0_60\jre\bin\zip.dll
0x000007fefd9c0000 - 0x000007fefe748000 	C:\Windows\system32\SHELL32.dll
0x000007fefea60000 - 0x000007fefec63000 	C:\Windows\system32\ole32.dll
0x000007fefcc50000 - 0x000007fefcc5f000 	C:\Windows\system32\profapi.dll
0x0000000065e60000 - 0x0000000065e6d000 	C:\Program Files (x86)\Java\jdk1.8.0_60\jre\bin\management.dll
0x00000000648c0000 - 0x00000000648da000 	C:\Program Files (x86)\Java\jdk1.8.0_60\jre\bin\net.dll
0x000007fefc470000 - 0x000007fefc4c5000 	C:\Windows\system32\mswsock.dll
0x000007fefc6a0000 - 0x000007fefc6a7000 	C:\Windows\System32\wship6.dll
0x00000000648a0000 - 0x00000000648b1000 	C:\Program Files (x86)\Java\jdk1.8.0_60\jre\bin\nio.dll
0x000007fefb270000 - 0x000007fefb285000 	C:\Windows\system32\NLAapi.dll
0x000007fef9440000 - 0x000007fef9455000 	C:\Windows\system32\napinsp.dll
0x000007fef9420000 - 0x000007fef9439000 	C:\Windows\system32\pnrpnsp.dll
0x000007fefc300000 - 0x000007fefc35b000 	C:\Windows\system32\DNSAPI.dll
0x000007fef9470000 - 0x000007fef947b000 	C:\Windows\System32\winrnr.dll
0x0000000074a40000 - 0x0000000074a66000 	C:\Program Files\Bonjour\mdnsNSP.dll
0x000007fefa7e0000 - 0x000007fefa807000 	C:\Windows\system32\Iphlpapi.DLL
0x000007fefa7c0000 - 0x000007fefa7cb000 	C:\Windows\system32\WINNSI.DLL
0x000007fefbe70000 - 0x000007fefbe77000 	C:\Windows\System32\wshtcpip.dll
0x000007fef9480000 - 0x000007fef9488000 	C:\Windows\system32\rasadhlp.dll
0x000007fef9e90000 - 0x000007fef9ee3000 	C:\Windows\System32\fwpuclnt.dll
0x000007fefc4d0000 - 0x000007fefc4e7000 	C:\Windows\system32\CRYPTSP.dll
0x000007fefc1e0000 - 0x000007fefc227000 	C:\Windows\system32\rsaenh.dll
0x000007fefbf90000 - 0x000007fefbfae000 	C:\Windows\system32\USERENV.dll
0x000007fefcb80000 - 0x000007fefcb8f000 	C:\Windows\system32\CRYPTBASE.dll
0x000007fef9e60000 - 0x000007fef9e71000 	C:\Windows\system32\dhcpcsvc6.DLL
0x000007fef9e40000 - 0x000007fef9e58000 	C:\Windows\system32\dhcpcsvc.DLL

VM Arguments:
jvm_args: -Duser.language=en -Duser.region=us -Dspring.liveBeansView.mbeanDomain -Dcom.sun.management.jmxremote -Dcom.sun.management.jmxremote.port=47612 -Dcom.sun.management.jmxremote.authenticate=false -Dcom.sun.management.jmxremote.ssl=false -Dfile.encoding=UTF-8 
java_command: com.direct.webflow.WebCtrl
java_class_path (initial): C:\work\git\Direct\target\classes;C:\work\git\GreenGrassHouse\target\classes;\GreenGrassHouse\target\test-classes;C:\Users\Lev\.m2\repository\org\springframework\spring-context\4.2.1.RELEASE\spring-context-4.2.1.RELEASE.jar;C:\Users\Lev\.m2\repository\org\springframework\spring-aop\4.2.1.RELEASE\spring-aop-4.2.1.RELEASE.jar;C:\Users\Lev\.m2\repository\aopalliance\aopalliance\1.0\aopalliance-1.0.jar;C:\Users\Lev\.m2\repository\org\springframework\spring-beans\4.2.1.RELEASE\spring-beans-4.2.1.RELEASE.jar;C:\Users\Lev\.m2\repository\org\springframework\spring-core\4.2.1.RELEASE\spring-core-4.2.1.RELEASE.jar;C:\Users\Lev\.m2\repository\commons-logging\commons-logging\1.2\commons-logging-1.2.jar;C:\Users\Lev\.m2\repository\org\springframework\spring-expression\4.2.1.RELEASE\spring-expression-4.2.1.RELEASE.jar;C:\Users\Lev\.m2\repository\org\springframework\spring-tx\4.2.1.RELEASE\spring-tx-4.2.1.RELEASE.jar;C:\Users\Lev\.m2\repository\org\hibernate\hibernate-entitymanager\4.2.1.Final\hibernate-entitymanager-4.2.1.Final.jar;C:\Users\Lev\.m2\repository\org\jboss\logging\jboss-logging\3.1.0.GA\jboss-logging-3.1.0.GA.jar;C:\Users\Lev\.m2\repository\org\hibernate\hibernate-core\4.2.1.Final\hibernate-core-4.2.1.Final.jar;C:\Users\Lev\.m2\repository\antlr\antlr\2.7.7\antlr-2.7.7.jar;C:\Users\Lev\.m2\repository\dom4j\dom4j\1.6.1\dom4j-1.6.1.jar;C:\Users\Lev\.m2\repository\org\jboss\spec\javax\transaction\jboss-transaction-api_1.1_spec\1.0.1.Final\jboss-transaction-api_1.1_spec-1.0.1.Final.jar;C:\Users\Lev\.m2\repository\org\hibernate\javax\persistence\hibernate-jpa-2.0-api\1.0.1.Final\hibernate-jpa-2.0-api-1.0.1.Final.jar;C:\Users\Lev\.m2\repository\org\javassist\javassist\3.15.0-GA\javassist-3.15.0-GA.jar;C:\Users\Lev\.m2\repository\org\hibernate\common\hibernate-commons-annotations\4.0.1.Final\hibernate-commons-annotations-4.0.1.Final.jar;C:\Users\Lev\.m2\repository\org\apache\ant\ant\1.8.2\ant-1.8.2.jar;C:\Users\Lev\.m2\repository\org\apache\ant\a
Launcher Type: SUN_STANDARD

Environment Variables:
JAVA_HOME=C:\Program Files (x86)\Java\jdk1.8.0_60
PATH=C:\Ruby22-x64\bin;C:\WinAVR-20100110\bin;C:\WinAVR-20100110\utils\bin;C:\app\lev\oracle2;C:\app\lev\oracle2\bin;C:\Program Files (x86)\Java\jre1.8.0_71\bin;C:\oraclexe\app\oracle\product\10.2.0\server\bin;C:\Windows\system32;C:\Windows;C:\Windows\System32\Wbem;C:\Windows\System32\WindowsPowerShell\v1.0\;C:\Program Files86\Borland\Delphi7\Bin;C:\Program Files86\Borland\Delphi7\Projects\Bpl;C:\Program Files (x86)\Windows Kits\8.1\Windows Performance Toolkit\;C:\Program Files\Microsoft SQL Server\110\Tools\Binn\;c:\dos;C:\Program Files (x86)\Intel\OpenCL SDK\2.0\bin\x86;C:\Program Files (x86)\Intel\OpenCL SDK\2.0\bin\x64;C:\Program Files\7-Zip;C:\Program Files (x86)\QuickTime\QTSystem\;C:\Program Files\nodejs\;C:\Program Files (x86)\Skype\Phone\;c:\spring\maven\bin;C:\Sencha\Cmd\6.0.0.202;C:\Users\lev\bin\Sencha\Cmd\6.0.0.202;C:\Users\lev\AppData\Roaming\npm
USERNAME=lev
OS=Windows_NT
PROCESSOR_IDENTIFIER=Intel64 Family 6 Model 42 Stepping 7, GenuineIntel



---------------  S Y S T E M  ---------------

OS: Windows 7 , 64 bit Build 7601 (6.1.7601.18229)

CPU:total 8 (4 cores per cpu, 2 threads per core) family 6 model 42 stepping 7, cmov, cx8, fxsr, mmx, sse, sse2, sse3, ssse3, sse4.1, sse4.2, popcnt, avx, aes, clmul, ht, tsc, tscinvbit

Memory: 4k page, physical 8298804k(609696k free), swap 13416940k(5616k free)

vm_info: Java HotSpot(TM) 64-Bit Server VM (25.60-b23) for windows-amd64 JRE (1.8.0_60-b27), built on Aug  4 2015 11:06:27 by "java_re" with MS VC++ 10.0 (VS2010)

time: Thu Apr 14 16:15:25 2016
elapsed time: 30 seconds (0d 0h 0m 30s)

