#
# A fatal error has been detected by the Java Runtime Environment:
#
#  EXCEPTION_ACCESS_VIOLATION (0xc0000005) at pc=0x0000000062f08845, pid=8580, tid=7508
#
# JRE version: Java(TM) SE Runtime Environment (8.0_60-b27) (build 1.8.0_60-b27)
# Java VM: Java HotSpot(TM) 64-Bit Server VM (25.60-b23 mixed mode windows-amd64 compressed oops)
# Problematic frame:
# V  [jvm.dll+0x128845]
#
# Failed to write core dump. Minidumps are not enabled by default on client versions of Windows
#
# If you would like to submit a bug report, please visit:
#   http://bugreport.java.com/bugreport/crash.jsp
#

---------------  T H R E A D  ---------------

Current thread (0x000000001d3ee000):  JavaThread "JDWP Transport Listener: dt_socket" daemon [_thread_in_vm, id=7508, stack(0x000000001f1f0000,0x000000001f2f0000)]

siginfo: ExceptionCode=0xc0000005, reading address 0xffffffffffffffff

Registers:
RAX=0x000000001f2ef901, RBX=0x000000001d3ee000, RCX=0x6701000001006301, RDX=0x0000000000000000
RSP=0x000000001f2ef900, RBP=0x6701000001006301, RSI=0x000000001f2efa18, RDI=0x0000000001f0e3b0
R8 =0x000000001d3ee000, R9 =0x5600a3d30ebe044e, R10=0x0000000000000000, R11=0x0000000024f0653d
R12=0x0000000000000000, R13=0x000000001c42dc78, R14=0x0000000000000000, R15=0x0000000000000000
RIP=0x0000000062f08845, EFLAGS=0x0000000000010202

Top of Stack: (sp=0x000000001f2ef900)
0x000000001f2ef900:   000000001d3ee000 000000001d3ee000
0x000000001f2ef910:   000000001f2ef9c8 000000006310e18b
0x000000001f2ef920:   000000001d3ee000 000000006312a9ed
0x000000001f2ef930:   0000000000000000 0000000072389155
0x000000001f2ef940:   000000002126a3d0 000000007239291e
0x000000001f2ef950:   000000001d3ee000 0000000000000000
0x000000001f2ef960:   0000000000000000 0000000000000000
0x000000001f2ef970:   6701000001006301 0000000072391a15
0x000000001f2ef980:   000000001f2efa18 000000001f2ef9f0
0x000000001f2ef990:   0000000000000001 000000002126a3d0
0x000000001f2ef9a0:   6701000001006301 00000000723753b3
0x000000001f2ef9b0:   000000001f2efae0 0000000000000001
0x000000001f2ef9c0:   0000000000000001 000000002126a3d0
0x000000001f2ef9d0:   00000000f000100a 0000000000000000
0x000000001f2ef9e0:   0000000000000000 0000000000000000
0x000000001f2ef9f0:   0000000000000001 0000000072375571 

Instructions: (pc=0x0000000062f08845)
0x0000000062f08825:   cc cc cc cc cc cc cc cc cc cc cc 48 83 ec 28 48
0x0000000062f08835:   85 c9 75 07 33 c0 48 83 c4 28 c3 48 89 5c 24 20
0x0000000062f08845:   48 8b 19 48 85 db 74 20 48 83 fb 37 74 1a 48 8b
0x0000000062f08855:   13 48 8b cb ff 52 10 84 c0 74 0d 48 8b c3 48 8b 


Register to memory mapping:

RAX=0x000000001f2ef901 is pointing into the stack for thread: 0x000000001d3ee000
RBX=0x000000001d3ee000 is a thread
RCX=0x6701000001006301 is an unknown value
RDX=0x0000000000000000 is an unknown value
RSP=0x000000001f2ef900 is pointing into the stack for thread: 0x000000001d3ee000
RBP=0x6701000001006301 is an unknown value
RSI=0x000000001f2efa18 is pointing into the stack for thread: 0x000000001d3ee000
RDI=0x0000000001f0e3b0 is an unknown value
R8 =0x000000001d3ee000 is a thread
R9 =0x5600a3d30ebe044e is an unknown value
R10=0x0000000000000000 is an unknown value
R11=0x0000000024f0653d is an unknown value
R12=0x0000000000000000 is an unknown value
R13=0x000000001c42dc78 is an unknown value
R14=0x0000000000000000 is an unknown value
R15=0x0000000000000000 is an unknown value


Stack: [0x000000001f1f0000,0x000000001f2f0000],  sp=0x000000001f2ef900,  free space=1022k
Native frames: (J=compiled Java code, j=interpreted, Vv=VM code, C=native code)
V  [jvm.dll+0x128845]
V  [jvm.dll+0x34a9ed]
C  [jdwp.dll+0x21a15]
C  [jdwp.dll+0x53b3]
C  [jdwp.dll+0x5571]
C  [jdwp.dll+0xf0a8]
C  [jdwp.dll+0x1f2d5]
C  [jdwp.dll+0x1f4aa]
V  [jvm.dll+0x1bb8e8]
V  [jvm.dll+0x243134]
V  [jvm.dll+0x299f6a]
C  [msvcr100.dll+0x21d9f]
C  [msvcr100.dll+0x21e3b]
C  [kernel32.dll+0x1652d]
C  [ntdll.dll+0x2c541]


---------------  P R O C E S S  ---------------

Java Threads: ( => current thread )
  0x000000002df43000 JavaThread "http-nio-8083-exec-10" daemon [_thread_blocked, id=7844, stack(0x000000002c6b0000,0x000000002c7b0000)]
  0x000000002df42800 JavaThread "http-nio-8083-exec-9" daemon [_thread_blocked, id=3632, stack(0x000000002cb30000,0x000000002cc30000)]
  0x000000002df41800 JavaThread "http-nio-8083-exec-8" daemon [_thread_blocked, id=6420, stack(0x000000002b5c0000,0x000000002b6c0000)]
  0x000000001fe1d000 JavaThread "http-nio-8083-exec-7" daemon [_thread_blocked, id=352, stack(0x00000000236f0000,0x00000000237f0000)]
  0x000000002df41000 JavaThread "http-nio-8083-exec-6" daemon [_thread_blocked, id=8868, stack(0x000000002c3c0000,0x000000002c4c0000)]
  0x000000002df40000 JavaThread "http-nio-8083-exec-5" daemon [_thread_blocked, id=5676, stack(0x0000000027000000,0x0000000027100000)]
  0x000000001fe2a800 JavaThread "http-nio-8083-exec-4" daemon [_thread_blocked, id=10624, stack(0x000000002c280000,0x000000002c380000)]
  0x000000001fe29800 JavaThread "http-nio-8083-exec-3" daemon [_thread_blocked, id=10456, stack(0x000000002c9f0000,0x000000002caf0000)]
  0x000000001fe29000 JavaThread "http-nio-8083-exec-2" daemon [_thread_blocked, id=10968, stack(0x0000000027740000,0x0000000027840000)]
  0x000000001fe28000 JavaThread "DestroyJavaVM" [_thread_blocked, id=3412, stack(0x0000000002300000,0x0000000002400000)]
  0x000000001fe27800 JavaThread "http-nio-8083-exec-1" daemon [_thread_blocked, id=7504, stack(0x000000002d6c0000,0x000000002d7c0000)]
  0x000000001fe26800 JavaThread "http-nio-8083-AsyncTimeout" daemon [_thread_blocked, id=6720, stack(0x000000002db70000,0x000000002dc70000)]
  0x000000001fe26000 JavaThread "http-nio-8083-Acceptor-0" daemon [_thread_in_native, id=9520, stack(0x0000000027410000,0x0000000027510000)]
  0x000000001fe25000 JavaThread "http-nio-8083-ClientPoller-1" daemon [_thread_in_native, id=10956, stack(0x000000002d960000,0x000000002da60000)]
  0x000000001fe24800 JavaThread "http-nio-8083-ClientPoller-0" daemon [_thread_in_native, id=6748, stack(0x000000002d7c0000,0x000000002d8c0000)]
  0x000000001fe23800 JavaThread "NioBlockingSelector.BlockPoller-1" daemon [_thread_in_native, id=8564, stack(0x000000002cc40000,0x000000002cd40000)]
  0x000000001fe1f000 JavaThread "Statistics Thread-__DEFAULT__-1" daemon [_thread_blocked, id=11156, stack(0x000000002cd60000,0x000000002ce60000)]
  0x000000001fe1e800 JavaThread "__DEFAULT__" daemon [_thread_blocked, id=8596, stack(0x000000002c5b0000,0x000000002c6b0000)]
  0x00000000241ff800 JavaThread "com.mchange.v2.async.ThreadPoolAsynchronousRunner$PoolThread-#2" daemon [_thread_blocked, id=11236, stack(0x0000000027880000,0x0000000027980000)]
  0x000000001d503000 JavaThread "com.mchange.v2.async.ThreadPoolAsynchronousRunner$PoolThread-#1" daemon [_thread_blocked, id=4148, stack(0x0000000020730000,0x0000000020830000)]
  0x000000001d618800 JavaThread "com.mchange.v2.async.ThreadPoolAsynchronousRunner$PoolThread-#0" daemon [_thread_blocked, id=7976, stack(0x00000000271e0000,0x00000000272e0000)]
  0x0000000020ff2800 JavaThread "Timer-0" daemon [_thread_blocked, id=9928, stack(0x0000000024c30000,0x0000000024d30000)]
  0x0000000028f95800 JavaThread "container-0" [_thread_blocked, id=4796, stack(0x0000000028bf0000,0x0000000028cf0000)]
  0x0000000028f97800 JavaThread "ContainerBackgroundProcessor[StandardEngine[Tomcat].StandardHost[localhost].StandardContext[]]" daemon [_thread_blocked, id=5584, stack(0x0000000027310000,0x0000000027410000)]
  0x000000002012a800 JavaThread "RMI TCP Accept-0" daemon [_thread_in_native, id=8460, stack(0x0000000020890000,0x0000000020990000)]
  0x0000000020226000 JavaThread "RMI TCP Accept-12042" daemon [_thread_in_native, id=7644, stack(0x000000001fb00000,0x000000001fc00000)]
  0x000000002013e800 JavaThread "RMI TCP Accept-0" daemon [_thread_in_native, id=6356, stack(0x00000000205e0000,0x00000000206e0000)]
  0x000000001d492800 JavaThread "Service Thread" daemon [_thread_blocked, id=856, stack(0x000000001fc00000,0x000000001fd00000)]
  0x000000001d40f800 JavaThread "C1 CompilerThread3" daemon [_thread_blocked, id=3108, stack(0x000000001efe0000,0x000000001f0e0000)]
  0x000000001d40c800 JavaThread "C2 CompilerThread2" daemon [_thread_blocked, id=9092, stack(0x000000001f4e0000,0x000000001f5e0000)]
  0x000000001d40b800 JavaThread "C2 CompilerThread1" daemon [_thread_blocked, id=1288, stack(0x000000001fa00000,0x000000001fb00000)]
  0x000000001d404000 JavaThread "C2 CompilerThread0" daemon [_thread_blocked, id=5148, stack(0x000000001f810000,0x000000001f910000)]
  0x000000001d3f6800 JavaThread "JDWP Command Reader" daemon [_thread_in_native, id=6004, stack(0x000000001f620000,0x000000001f720000)]
  0x000000001d3f3000 JavaThread "JDWP Event Helper Thread" daemon [_thread_blocked, id=4308, stack(0x000000001f3a0000,0x000000001f4a0000)]
=>0x000000001d3ee000 JavaThread "JDWP Transport Listener: dt_socket" daemon [_thread_in_vm, id=7508, stack(0x000000001f1f0000,0x000000001f2f0000)]
  0x000000001d3db800 JavaThread "Attach Listener" daemon [_thread_blocked, id=6804, stack(0x000000001e980000,0x000000001ea80000)]
  0x000000001d3da800 JavaThread "Signal Dispatcher" daemon [_thread_blocked, id=7256, stack(0x000000001e610000,0x000000001e710000)]
  0x000000001c436800 JavaThread "Finalizer" daemon [_thread_blocked, id=4472, stack(0x000000001e7b0000,0x000000001e8b0000)]
  0x000000001c42c000 JavaThread "Reference Handler" daemon [_thread_blocked, id=10264, stack(0x000000001e500000,0x000000001e600000)]

Other Threads:
  0x000000001c424800 VMThread [stack: 0x000000001e340000,0x000000001e440000] [id=10360]
  0x000000002012e800 WatcherThread [stack: 0x0000000020a30000,0x0000000020b30000] [id=3260]

VM state:not at safepoint (normal execution)

VM Mutex/Monitor currently owned by a thread: None

Heap:
 PSYoungGen      total 350208K, used 182382K [0x000000076b180000, 0x0000000788a00000, 0x00000007c0000000)
  eden space 330752K, 55% used [0x000000076b180000,0x000000077639b960,0x000000077f480000)
  from space 19456K, 0% used [0x000000077f480000,0x000000077f480000,0x0000000780780000)
  to   space 25600K, 0% used [0x0000000787100000,0x0000000787100000,0x0000000788a00000)
 ParOldGen       total 193536K, used 44756K [0x00000006c1400000, 0x00000006cd100000, 0x000000076b180000)
  object space 193536K, 23% used [0x00000006c1400000,0x00000006c3fb5140,0x00000006cd100000)
 Metaspace       used 64104K, capacity 64786K, committed 65064K, reserved 1105920K
  class space    used 7982K, capacity 8167K, committed 8232K, reserved 1048576K

Card table byte_map: [0x0000000011a90000,0x0000000012290000] byte_map_base: 0x000000000e486000

Marking Bits: (ParMarkBitMap*) 0x00000000635ea5b0
 Begin Bits: [0x00000000132e0000, 0x0000000017290000)
 End Bits:   [0x0000000017290000, 0x000000001b240000)

Polling page: 0x0000000000120000

CodeCache: size=245760Kb used=25429Kb max_used=25429Kb free=220330Kb
 bounds [0x00000000026d0000, 0x0000000003fd0000, 0x00000000116d0000]
 total_blobs=7059 nmethods=6468 adapters=509
 compilation: enabled

Compilation events (10 events):
Event: 312.423 Thread 0x000000001d40f800 7809       3       oracle.jdbc.driver.T4CMAREngine::marshalO2U (18 bytes)
Event: 312.423 Thread 0x000000001d40f800 nmethod 7809 0x0000000003fbd050 code [0x0000000003fbd1c0, 0x0000000003fbd4d8]
Event: 312.423 Thread 0x000000001d40f800 7810   !   3       com.mchange.v2.c3p0.impl.C3P0ImplUtils::supportsMethod (83 bytes)
Event: 312.425 Thread 0x000000001d40f800 nmethod 7810 0x0000000003fba4d0 code [0x0000000003fba7c0, 0x0000000003fbc328]
Event: 312.425 Thread 0x000000001d40c800 7811       4       oracle.net.ns.DataPacket::putDataInBuffer (128 bytes)
Event: 312.428 Thread 0x000000001d40c800 nmethod 7811 0x0000000003fc5f50 code [0x0000000003fc60a0, 0x0000000003fc63d8]
Event: 312.447 Thread 0x000000001d40f800 7812  s!   3       com.mchange.v2.c3p0.impl.NewPooledConnection::getConnection (64 bytes)
Event: 312.448 Thread 0x000000001d40f800 nmethod 7812 0x0000000003fc4150 code [0x0000000003fc43a0, 0x0000000003fc5448]
Event: 312.448 Thread 0x000000001d40f800 7813       3       com.mchange.v2.c3p0.impl.NewProxyConnection::<init> (11 bytes)
Event: 312.448 Thread 0x000000001d40f800 nmethod 7813 0x0000000003fc6610 code [0x0000000003fc67e0, 0x0000000003fc71c8]

GC Heap History (10 events):
Event: 5.053 GC heap before
{Heap before GC invocations=8 (full 1):
 PSYoungGen      total 211968K, used 83942K [0x000000076b180000, 0x0000000779c00000, 0x00000007c0000000)
  eden space 198656K, 36% used [0x000000076b180000,0x000000076f7661c8,0x0000000777380000)
  from space 13312K, 92% used [0x0000000778200000,0x0000000778e13898,0x0000000778f00000)
  to   space 14848K, 0% used [0x0000000777380000,0x0000000777380000,0x0000000778200000)
 ParOldGen       total 90624K, used 8666K [0x00000006c1400000, 0x00000006c6c80000, 0x000000076b180000)
  object space 90624K, 9% used [0x00000006c1400000,0x00000006c1c76a10,0x00000006c6c80000)
 Metaspace       used 35061K, capacity 35380K, committed 35496K, reserved 1081344K
  class space    used 4340K, capacity 4488K, committed 4520K, reserved 1048576K
Event: 5.082 GC heap after
Heap after GC invocations=8 (full 1):
 PSYoungGen      total 213504K, used 12150K [0x000000076b180000, 0x0000000781a80000, 0x00000007c0000000)
  eden space 198656K, 0% used [0x000000076b180000,0x000000076b180000,0x0000000777380000)
  from space 14848K, 81% used [0x0000000777380000,0x0000000777f5d890,0x0000000778200000)
  to   space 15872K, 0% used [0x0000000780b00000,0x0000000780b00000,0x0000000781a80000)
 ParOldGen       total 90624K, used 8674K [0x00000006c1400000, 0x00000006c6c80000, 0x000000076b180000)
  object space 90624K, 9% used [0x00000006c1400000,0x00000006c1c78a10,0x00000006c6c80000)
 Metaspace       used 35061K, capacity 35380K, committed 35496K, reserved 1081344K
  class space    used 4340K, capacity 4488K, committed 4520K, reserved 1048576K
}
Event: 5.082 GC heap before
{Heap before GC invocations=9 (full 2):
 PSYoungGen      total 213504K, used 12150K [0x000000076b180000, 0x0000000781a80000, 0x00000007c0000000)
  eden space 198656K, 0% used [0x000000076b180000,0x000000076b180000,0x0000000777380000)
  from space 14848K, 81% used [0x0000000777380000,0x0000000777f5d890,0x0000000778200000)
  to   space 15872K, 0% used [0x0000000780b00000,0x0000000780b00000,0x0000000781a80000)
 ParOldGen       total 90624K, used 8674K [0x00000006c1400000, 0x00000006c6c80000, 0x000000076b180000)
  object space 90624K, 9% used [0x00000006c1400000,0x00000006c1c78a10,0x00000006c6c80000)
 Metaspace       used 35061K, capacity 35380K, committed 35496K, reserved 1081344K
  class space    used 4340K, capacity 4488K, committed 4520K, reserved 1048576K
Event: 5.170 GC heap after
Heap after GC invocations=9 (full 2):
 PSYoungGen      total 213504K, used 0K [0x000000076b180000, 0x0000000781a80000, 0x00000007c0000000)
  eden space 198656K, 0% used [0x000000076b180000,0x000000076b180000,0x0000000777380000)
  from space 14848K, 0% used [0x0000000777380000,0x0000000777380000,0x0000000778200000)
  to   space 15872K, 0% used [0x0000000780b00000,0x0000000780b00000,0x0000000781a80000)
 ParOldGen       total 131584K, used 20255K [0x00000006c1400000, 0x00000006c9480000, 0x000000076b180000)
  object space 131584K, 15% used [0x00000006c1400000,0x00000006c27c7dc0,0x00000006c9480000)
 Metaspace       used 35061K, capacity 35380K, committed 35496K, reserved 1081344K
  class space    used 4340K, capacity 4488K, committed 4520K, reserved 1048576K
}
Event: 7.358 GC heap before
{Heap before GC invocations=10 (full 2):
 PSYoungGen      total 213504K, used 198656K [0x000000076b180000, 0x0000000781a80000, 0x00000007c0000000)
  eden space 198656K, 100% used [0x000000076b180000,0x0000000777380000,0x0000000777380000)
  from space 14848K, 0% used [0x0000000777380000,0x0000000777380000,0x0000000778200000)
  to   space 15872K, 0% used [0x0000000780b00000,0x0000000780b00000,0x0000000781a80000)
 ParOldGen       total 131584K, used 20255K [0x00000006c1400000, 0x00000006c9480000, 0x000000076b180000)
  object space 131584K, 15% used [0x00000006c1400000,0x00000006c27c7dc0,0x00000006c9480000)
 Metaspace       used 49443K, capacity 49836K, committed 50088K, reserved 1093632K
  class space    used 6146K, capacity 6300K, committed 6312K, reserved 1048576K
Event: 7.396 GC heap after
Heap after GC invocations=10 (full 2):
 PSYoungGen      total 334336K, used 15851K [0x000000076b180000, 0x0000000781a80000, 0x00000007c0000000)
  eden space 318464K, 0% used [0x000000076b180000,0x000000076b180000,0x000000077e880000)
  from space 15872K, 99% used [0x0000000780b00000,0x0000000781a7ad98,0x0000000781a80000)
  to   space 19456K, 0% used [0x000000077f480000,0x000000077f480000,0x0000000780780000)
 ParOldGen       total 131584K, used 24816K [0x00000006c1400000, 0x00000006c9480000, 0x000000076b180000)
  object space 131584K, 18% used [0x00000006c1400000,0x00000006c2c3c098,0x00000006c9480000)
 Metaspace       used 49443K, capacity 49836K, committed 50088K, reserved 1093632K
  class space    used 6146K, capacity 6300K, committed 6312K, reserved 1048576K
}
Event: 10.290 GC heap before
{Heap before GC invocations=11 (full 2):
 PSYoungGen      total 334336K, used 300459K [0x000000076b180000, 0x0000000781a80000, 0x00000007c0000000)
  eden space 318464K, 89% used [0x000000076b180000,0x000000077c770248,0x000000077e880000)
  from space 15872K, 99% used [0x0000000780b00000,0x0000000781a7ad98,0x0000000781a80000)
  to   space 19456K, 0% used [0x000000077f480000,0x000000077f480000,0x0000000780780000)
 ParOldGen       total 131584K, used 24816K [0x00000006c1400000, 0x00000006c9480000, 0x000000076b180000)
  object space 131584K, 18% used [0x00000006c1400000,0x00000006c2c3c098,0x00000006c9480000)
 Metaspace       used 58361K, capacity 58904K, committed 59160K, reserved 1101824K
  class space    used 7321K, capacity 7486K, committed 7592K, reserved 1048576K
Event: 10.371 GC heap after
Heap after GC invocations=11 (full 2):
 PSYoungGen      total 350208K, used 19432K [0x000000076b180000, 0x0000000788a00000, 0x00000007c0000000)
  eden space 330752K, 0% used [0x000000076b180000,0x000000076b180000,0x000000077f480000)
  from space 19456K, 99% used [0x000000077f480000,0x000000078077a0c0,0x0000000780780000)
  to   space 25600K, 0% used [0x0000000787100000,0x0000000787100000,0x0000000788a00000)
 ParOldGen       total 131584K, used 32911K [0x00000006c1400000, 0x00000006c9480000, 0x000000076b180000)
  object space 131584K, 25% used [0x00000006c1400000,0x00000006c3423f70,0x00000006c9480000)
 Metaspace       used 58361K, capacity 58904K, committed 59160K, reserved 1101824K
  class space    used 7321K, capacity 7486K, committed 7592K, reserved 1048576K
}
Event: 10.371 GC heap before
{Heap before GC invocations=12 (full 3):
 PSYoungGen      total 350208K, used 19432K [0x000000076b180000, 0x0000000788a00000, 0x00000007c0000000)
  eden space 330752K, 0% used [0x000000076b180000,0x000000076b180000,0x000000077f480000)
  from space 19456K, 99% used [0x000000077f480000,0x000000078077a0c0,0x0000000780780000)
  to   space 25600K, 0% used [0x0000000787100000,0x0000000787100000,0x0000000788a00000)
 ParOldGen       total 131584K, used 32911K [0x00000006c1400000, 0x00000006c9480000, 0x000000076b180000)
  object space 131584K, 25% used [0x00000006c1400000,0x00000006c3423f70,0x00000006c9480000)
 Metaspace       used 58361K, capacity 58904K, committed 59160K, reserved 1101824K
  class space    used 7321K, capacity 7486K, committed 7592K, reserved 1048576K
Event: 10.611 GC heap after
Heap after GC invocations=12 (full 3):
 PSYoungGen      total 350208K, used 0K [0x000000076b180000, 0x0000000788a00000, 0x00000007c0000000)
  eden space 330752K, 0% used [0x000000076b180000,0x000000076b180000,0x000000077f480000)
  from space 19456K, 0% used [0x000000077f480000,0x000000077f480000,0x0000000780780000)
  to   space 25600K, 0% used [0x0000000787100000,0x0000000787100000,0x0000000788a00000)
 ParOldGen       total 193536K, used 44756K [0x00000006c1400000, 0x00000006cd100000, 0x000000076b180000)
  object space 193536K, 23% used [0x00000006c1400000,0x00000006c3fb5140,0x00000006cd100000)
 Metaspace       used 58361K, capacity 58904K, committed 59160K, reserved 1101824K
  class space    used 7321K, capacity 7486K, committed 7592K, reserved 1048576K
}

Deoptimization events (10 events):
Event: 136.000 Thread 0x000000002df40000 Uncommon trap: reason=unhandled action=none pc=0x00000000028123e0 method=java.net.URLClassLoader.findClass(Ljava/lang/String;)Ljava/lang/Class; @ 44
Event: 136.001 Thread 0x000000002df40000 Uncommon trap: reason=unhandled action=none pc=0x00000000028123e0 method=java.net.URLClassLoader.findClass(Ljava/lang/String;)Ljava/lang/Class; @ 44
Event: 136.003 Thread 0x000000002df40000 Uncommon trap: reason=unhandled action=none pc=0x00000000028123e0 method=java.net.URLClassLoader.findClass(Ljava/lang/String;)Ljava/lang/Class; @ 44
Event: 136.006 Thread 0x000000002df40000 Uncommon trap: reason=unhandled action=none pc=0x00000000028123e0 method=java.net.URLClassLoader.findClass(Ljava/lang/String;)Ljava/lang/Class; @ 44
Event: 136.007 Thread 0x000000002df40000 Uncommon trap: reason=unhandled action=none pc=0x00000000028123e0 method=java.net.URLClassLoader.findClass(Ljava/lang/String;)Ljava/lang/Class; @ 44
Event: 136.008 Thread 0x000000002df40000 Uncommon trap: reason=unhandled action=none pc=0x00000000028123e0 method=java.net.URLClassLoader.findClass(Ljava/lang/String;)Ljava/lang/Class; @ 44
Event: 136.009 Thread 0x000000002df40000 Uncommon trap: reason=unhandled action=none pc=0x00000000028123e0 method=java.net.URLClassLoader.findClass(Ljava/lang/String;)Ljava/lang/Class; @ 44
Event: 136.009 Thread 0x000000002df40000 Uncommon trap: reason=unhandled action=none pc=0x00000000028123e0 method=java.net.URLClassLoader.findClass(Ljava/lang/String;)Ljava/lang/Class; @ 44
Event: 308.918 Thread 0x000000001fe1f000 Uncommon trap: reason=unhandled action=none pc=0x00000000028123e0 method=java.net.URLClassLoader.findClass(Ljava/lang/String;)Ljava/lang/Class; @ 44
Event: 308.919 Thread 0x000000001fe1f000 Uncommon trap: reason=unhandled action=none pc=0x00000000028123e0 method=java.net.URLClassLoader.findClass(Ljava/lang/String;)Ljava/lang/Class; @ 44

Internal exceptions (10 events):
Event: 20.551 Thread 0x000000001fe1d000 Exception <a 'java/lang/ArrayIndexOutOfBoundsException': 137> (0x000000077319db18) thrown at [C:\re\workspace\8-2-build-windows-amd64-cygwin\jdk8u60\4407\hotspot\src\share\vm\interpreter\interpreterRuntime.cpp, line 366]
Event: 20.574 Thread 0x000000001fe29000 Exception <a 'java/lang/ArrayIndexOutOfBoundsException': 51> (0x0000000773abf1b0) thrown at [C:\re\workspace\8-2-build-windows-amd64-cygwin\jdk8u60\4407\hotspot\src\share\vm\interpreter\interpreterRuntime.cpp, line 366]
Event: 20.606 Thread 0x000000002df41000 Exception <a 'java/io/IOException'> (0x0000000773b61670) thrown at [C:\re\workspace\8-2-build-windows-amd64-cygwin\jdk8u60\4407\hotspot\src\share\vm\prims\jni.cpp, line 709]
Event: 20.630 Thread 0x000000001fe1d000 Exception <a 'java/lang/ArrayIndexOutOfBoundsException': 83> (0x00000007731f2060) thrown at [C:\re\workspace\8-2-build-windows-amd64-cygwin\jdk8u60\4407\hotspot\src\share\vm\interpreter\interpreterRuntime.cpp, line 366]
Event: 20.642 Thread 0x000000001fe1d000 Exception <a 'java/lang/ArrayIndexOutOfBoundsException': 149> (0x000000077324bda8) thrown at [C:\re\workspace\8-2-build-windows-amd64-cygwin\jdk8u60\4407\hotspot\src\share\vm\interpreter\interpreterRuntime.cpp, line 366]
Event: 20.652 Thread 0x000000001fe29000 Exception <a 'java/lang/ArrayIndexOutOfBoundsException': 167> (0x00000007740ea6e0) thrown at [C:\re\workspace\8-2-build-windows-amd64-cygwin\jdk8u60\4407\hotspot\src\share\vm\interpreter\interpreterRuntime.cpp, line 366]
Event: 20.653 Thread 0x000000001fe29000 Exception <a 'java/lang/ArrayIndexOutOfBoundsException': 188> (0x00000007740ecef0) thrown at [C:\re\workspace\8-2-build-windows-amd64-cygwin\jdk8u60\4407\hotspot\src\share\vm\interpreter\interpreterRuntime.cpp, line 366]
Event: 20.653 Thread 0x000000001fe29000 Exception <a 'java/lang/ArrayIndexOutOfBoundsException': 142> (0x00000007740eefd8) thrown at [C:\re\workspace\8-2-build-windows-amd64-cygwin\jdk8u60\4407\hotspot\src\share\vm\interpreter\interpreterRuntime.cpp, line 366]
Event: 20.659 Thread 0x000000002df42800 Exception <a 'java/io/IOException'> (0x000000077422f458) thrown at [C:\re\workspace\8-2-build-windows-amd64-cygwin\jdk8u60\4407\hotspot\src\share\vm\prims\jni.cpp, line 709]
Event: 135.968 Thread 0x000000002df40000 Exception <a 'java/lang/reflect/InvocationTargetException'> (0x00000007749cfc88) thrown at [C:\re\workspace\8-2-build-windows-amd64-cygwin\jdk8u60\4407\hotspot\src\share\vm\runtime\reflection.cpp, line 1092]

Events (10 events):
Event: 318.225 Executing VM operation: EnterInterpOnlyMode
Event: 318.226 Executing nested VM operation: Deoptimize
Event: 318.226 Executing nested VM operation: Deoptimize done
Event: 318.226 Executing VM operation: EnterInterpOnlyMode done
Event: 318.227 Executing VM operation: GetCurrentLocation
Event: 318.227 Executing VM operation: GetCurrentLocation done
Event: 318.227 Executing VM operation: ChangeSingleStep
Event: 318.227 Executing VM operation: ChangeSingleStep done
Event: 318.227 Executing VM operation: ChangeSingleStep
Event: 318.228 Executing VM operation: ChangeSingleStep done


Dynamic libraries:
0x000000013f5a0000 - 0x000000013f5d7000 	C:\Program Files (x86)\Java\jdk1.8.0_60\bin\javaw.exe
0x00000000772a0000 - 0x0000000077449000 	C:\Windows\SYSTEM32\ntdll.dll
0x0000000077080000 - 0x000000007719f000 	C:\Windows\system32\kernel32.dll
0x000007fefd130000 - 0x000007fefd19b000 	C:\Windows\system32\KERNELBASE.dll
0x000007feff4d0000 - 0x000007feff5ab000 	C:\Windows\system32\ADVAPI32.dll
0x000007fefe6e0000 - 0x000007fefe77f000 	C:\Windows\system32\msvcrt.dll
0x000007fefe950000 - 0x000007fefe96f000 	C:\Windows\SYSTEM32\sechost.dll
0x000007fefe780000 - 0x000007fefe8ad000 	C:\Windows\system32\RPCRT4.dll
0x00000000771a0000 - 0x000000007729a000 	C:\Windows\system32\USER32.dll
0x000007feff1b0000 - 0x000007feff217000 	C:\Windows\system32\GDI32.dll
0x000007feff360000 - 0x000007feff36e000 	C:\Windows\system32\LPK.dll
0x000007fefecc0000 - 0x000007fefed89000 	C:\Windows\system32\USP10.dll
0x000007fefc080000 - 0x000007fefc274000 	C:\Windows\WinSxS\amd64_microsoft.windows.common-controls_6595b64144ccf1df_6.0.7601.17514_none_fa396087175ac9ac\COMCTL32.dll
0x000007fefed90000 - 0x000007fefee01000 	C:\Windows\system32\SHLWAPI.dll
0x000007feff330000 - 0x000007feff35e000 	C:\Windows\system32\IMM32.DLL
0x000007feff220000 - 0x000007feff329000 	C:\Windows\system32\MSCTF.dll
0x0000000060c40000 - 0x0000000060d12000 	C:\Program Files (x86)\Java\jdk1.8.0_60\jre\bin\msvcr100.dll
0x0000000062de0000 - 0x0000000063669000 	C:\Program Files (x86)\Java\jdk1.8.0_60\jre\bin\server\jvm.dll
0x000007fef8ff0000 - 0x000007fef8ff9000 	C:\Windows\system32\WSOCK32.dll
0x000007fefebb0000 - 0x000007fefebfd000 	C:\Windows\system32\WS2_32.dll
0x000007fefeba0000 - 0x000007fefeba8000 	C:\Windows\system32\NSI.dll
0x000007fefa8c0000 - 0x000007fefa8fb000 	C:\Windows\system32\WINMM.dll
0x000007fefbc10000 - 0x000007fefbc1c000 	C:\Windows\system32\VERSION.dll
0x0000000077460000 - 0x0000000077467000 	C:\Windows\system32\PSAPI.DLL
0x0000000067890000 - 0x000000006789f000 	C:\Program Files (x86)\Java\jdk1.8.0_60\jre\bin\verify.dll
0x0000000062db0000 - 0x0000000062dd9000 	C:\Program Files (x86)\Java\jdk1.8.0_60\jre\bin\java.dll
0x0000000072370000 - 0x00000000723a5000 	C:\Program Files (x86)\Java\jdk1.8.0_60\jre\bin\jdwp.dll
0x0000000072420000 - 0x0000000072428000 	C:\Program Files (x86)\Java\jdk1.8.0_60\jre\bin\npt.dll
0x0000000062d60000 - 0x0000000062d76000 	C:\Program Files (x86)\Java\jdk1.8.0_60\jre\bin\zip.dll
0x000007fefd6c0000 - 0x000007fefe448000 	C:\Windows\system32\SHELL32.dll
0x000007fefd4b0000 - 0x000007fefd6b3000 	C:\Windows\system32\ole32.dll
0x000007fefd080000 - 0x000007fefd08f000 	C:\Windows\system32\profapi.dll
0x00000000724e0000 - 0x00000000724e9000 	C:\Program Files (x86)\Java\jdk1.8.0_60\jre\bin\dt_socket.dll
0x000007fefa980000 - 0x000007fefa995000 	C:\Windows\system32\NLAapi.dll
0x000007fef8e40000 - 0x000007fef8e55000 	C:\Windows\system32\napinsp.dll
0x000007fef8e60000 - 0x000007fef8e79000 	C:\Windows\system32\pnrpnsp.dll
0x000007fefc5d0000 - 0x000007fefc625000 	C:\Windows\System32\mswsock.dll
0x000007fefc410000 - 0x000007fefc46b000 	C:\Windows\system32\DNSAPI.dll
0x000007fef8e30000 - 0x000007fef8e3b000 	C:\Windows\System32\winrnr.dll
0x0000000073630000 - 0x0000000073656000 	C:\Program Files\Bonjour\mdnsNSP.dll
0x000007fefa400000 - 0x000007fefa427000 	C:\Windows\system32\Iphlpapi.DLL
0x000007fefa3e0000 - 0x000007fefa3eb000 	C:\Windows\system32\WINNSI.DLL
0x000007fefa230000 - 0x000007fefa283000 	C:\Windows\System32\fwpuclnt.dll
0x000007fef9250000 - 0x000007fef9258000 	C:\Windows\system32\rasadhlp.dll
0x000007fefbce0000 - 0x000007fefbce7000 	C:\Windows\System32\wshtcpip.dll
0x0000000066620000 - 0x000000006662d000 	C:\Program Files (x86)\Java\jdk1.8.0_60\jre\bin\management.dll
0x0000000062d20000 - 0x0000000062d3a000 	C:\Program Files (x86)\Java\jdk1.8.0_60\jre\bin\net.dll
0x000007fefc580000 - 0x000007fefc587000 	C:\Windows\System32\wship6.dll
0x0000000062d00000 - 0x0000000062d11000 	C:\Program Files (x86)\Java\jdk1.8.0_60\jre\bin\nio.dll
0x000007fefc630000 - 0x000007fefc647000 	C:\Windows\system32\CRYPTSP.dll
0x0000000074e50000 - 0x0000000074e60000 	C:\Program Files\Crypto Pro\CSP\cpadvai.dll
0x0000000074e60000 - 0x0000000074e67000 	C:\Program Files\Crypto Pro\CSP\detoured.dll
0x000007fefc350000 - 0x000007fefc397000 	C:\Windows\system32\rsaenh.dll
0x000007fefbe00000 - 0x000007fefbe1e000 	C:\Windows\system32\USERENV.dll
0x000007fefcfb0000 - 0x000007fefcfbf000 	C:\Windows\system32\CRYPTBASE.dll
0x000007fefa310000 - 0x000007fefa321000 	C:\Windows\system32\dhcpcsvc6.DLL
0x000007fefa2f0000 - 0x000007fefa308000 	C:\Windows\system32\dhcpcsvc.DLL
0x000007fef8a30000 - 0x000007fef8b55000 	C:\Windows\system32\dbghelp.dll

VM Arguments:
jvm_args: -agentlib:jdwp=transport=dt_socket,suspend=y,address=localhost:12043 -Duser.language=en -Duser.region=us -Dcom.sun.management.jmxremote -Dcom.sun.management.jmxremote.port=12042 -Dcom.sun.management.jmxremote.authenticate=false -Dcom.sun.management.jmxremote.ssl=false -Dspring.liveBeansView.mbeanDomain -Dspring.application.admin.enabled=true -Dfile.encoding=UTF-8 
java_command: com.ric.web.BillWebApplication
java_class_path (initial): C:\work\git\BillWeb\src\test\resources;C:\work\git\BillWeb\target\classes;C:\work\git\BillWeb\target\test-classes;C:\Users\Lev\.m2\repository\org\hibernate\javax\persistence\hibernate-jpa-2.1-api\1.0.0.Final\hibernate-jpa-2.1-api-1.0.0.Final.jar;C:\Users\Lev\.m2\repository\org\springframework\boot\spring-boot-starter-web\1.4.0.RELEASE\spring-boot-starter-web-1.4.0.RELEASE.jar;C:\Users\Lev\.m2\repository\org\springframework\boot\spring-boot-starter\1.4.0.RELEASE\spring-boot-starter-1.4.0.RELEASE.jar;C:\Users\Lev\.m2\repository\org\springframework\boot\spring-boot\1.4.0.RELEASE\spring-boot-1.4.0.RELEASE.jar;C:\Users\Lev\.m2\repository\org\springframework\boot\spring-boot-autoconfigure\1.4.0.RELEASE\spring-boot-autoconfigure-1.4.0.RELEASE.jar;C:\Users\Lev\.m2\repository\org\springframework\boot\spring-boot-starter-logging\1.4.0.RELEASE\spring-boot-starter-logging-1.4.0.RELEASE.jar;C:\Users\Lev\.m2\repository\ch\qos\logback\logback-classic\1.1.7\logback-classic-1.1.7.jar;C:\Users\Lev\.m2\repository\ch\qos\logback\logback-core\1.1.7\logback-core-1.1.7.jar;C:\Users\Lev\.m2\repository\org\slf4j\jcl-over-slf4j\1.7.21\jcl-over-slf4j-1.7.21.jar;C:\Users\Lev\.m2\repository\org\slf4j\jul-to-slf4j\1.7.21\jul-to-slf4j-1.7.21.jar;C:\Users\Lev\.m2\repository\org\slf4j\log4j-over-slf4j\1.7.21\log4j-over-slf4j-1.7.21.jar;C:\Users\Lev\.m2\repository\org\yaml\snakeyaml\1.17\snakeyaml-1.17.jar;C:\Users\Lev\.m2\repository\org\springframework\boot\spring-boot-starter-tomcat\1.4.0.RELEASE\spring-boot-starter-tomcat-1.4.0.RELEASE.jar;C:\Users\Lev\.m2\repository\org\apache\tomcat\embed\tomcat-embed-core\8.5.4\tomcat-embed-core-8.5.4.jar;C:\Users\Lev\.m2\repository\org\apache\tomcat\embed\tomcat-embed-el\8.5.4\tomcat-embed-el-8.5.4.jar;C:\Users\Lev\.m2\repository\org\apache\tomcat\embed\tomcat-embed-websocket\8.5.4\tomcat-embed-websocket-8.5.4.jar;C:\Users\Lev\.m2\repository\org\hibernate\hibernate-validator\5.2.4.Final\hibernate-validator-5.2.4.Final.jar;C:\Users
Launcher Type: SUN_STANDARD

Environment Variables:
JAVA_HOME=C:\Program Files (x86)\Java\jdk1.8.0_60
PATH=C:\Program Files (x86)\Java\jdk1.8.0_60\jre\bin;C:\ProgramData\Oracle\Java\javapath;C:\Ruby22-x64\bin;C:\WinAVR-20100110\bin;C:\WinAVR-20100110\utils\bin;C:\app\lev\oracle2;C:\app\lev\oracle2\bin;C:\Program Files (x86)\Java\jre1.8.0_71\bin;C:\oraclexe\app\oracle\product\10.2.0\server\bin;C:\Windows\system32;C:\Windows;C:\Windows\System32\Wbem;C:\Windows\System32\WindowsPowerShell\v1.0\;C:\Program Files86\Borland\Delphi7\Bin;C:\Program Files86\Borland\Delphi7\Projects\Bpl;C:\Program Files (x86)\Windows Kits\8.1\Windows Performance Toolkit\;C:\Program Files\Microsoft SQL Server\110\Tools\Binn\;c:\dos;C:\Program Files (x86)\Intel\OpenCL SDK\2.0\bin\x86;C:\Program Files (x86)\Intel\OpenCL SDK\2.0\bin\x64;C:\Program Files\7-Zip;C:\Program Files (x86)\QuickTime\QTSystem\;C:\Program Files\nodejs\;c:\spring\maven\bin;C:\Sencha\Cmd;C:\Sencha\Cmd\6.2.1.29;C:\Program Files\Git\cmd;C:\curl;C:\cryptopack2\bin;C:\Program Files (x86)\Java\jdk1.8.0_60\bin;C:\Progs\Axis2\bin;C:\Program Files (x86)\Skype\Phone\;C:\Sencha\Cmd;C:\Users\lev\bin\Sencha\Cmd\6.0.0.202;C:\Users\lev\AppData\Roaming\npm
USERNAME=lev
OS=Windows_NT
PROCESSOR_IDENTIFIER=Intel64 Family 6 Model 42 Stepping 7, GenuineIntel



---------------  S Y S T E M  ---------------

OS: Windows 7 , 64 bit Build 7601 (6.1.7601.18229)

CPU:total 8 (4 cores per cpu, 2 threads per core) family 6 model 42 stepping 7, cmov, cx8, fxsr, mmx, sse, sse2, sse3, ssse3, sse4.1, sse4.2, popcnt, avx, aes, clmul, ht, tsc, tscinvbit

Memory: 4k page, physical 16687412k(5383988k free), swap 33372960k(19460308k free)

vm_info: Java HotSpot(TM) 64-Bit Server VM (25.60-b23) for windows-amd64 JRE (1.8.0_60-b27), built on Aug  4 2015 11:06:27 by "java_re" with MS VC++ 10.0 (VS2010)

time: Sat Apr 01 11:07:35 2017
elapsed time: 318 seconds (0d 0h 5m 18s)

